<?xml version='1.0'?>
<ns2:test-suite xmlns:ns2='urn:model.allure.qatools.yandex.ru' start='1660990428188' stop='1660990431656'>
    <name>Leads page: Adding a lead</name>
    <title>Leads page: Adding a lead</title>
    <test-cases>
        <test-case start='1660990428189' status='passed' stop='1660990428190'>
            <name></name>
            <title></title>
            <labels>
                <label name='language' value='javascript'/>
                <label name='framework' value='wdio'/>
                <label name='thread' value='0-0'/>
            </labels>
            <parameters>
                <parameter kind='argument' name='browser' value='chrome-104.0.5112.101'/>
            </parameters>
            <steps/>
            <attachments/>
        </test-case>
        <test-case start='1660990428190' status='passed' stop='1660990431650'>
            <name>Given I'm on thee page https://auth-client-stage.dev.propify.com/login?returnTo=L3Byb3NwZWN0cy9sZWFkcw%3D%3D&amp;callbackUrl=https%3A%2F%2Fadmin-client-stage.dev.propify.com%2Fauth%2Fcallback</name>
            <title>Given I'm on thee page https://auth-client-stage.dev.propify.com/login?returnTo=L3Byb3NwZWN0cy9sZWFkcw%3D%3D&amp;callbackUrl=https%3A%2F%2Fadmin-client-stage.dev.propify.com%2Fauth%2Fcallback</title>
            <labels>
                <label name='language' value='javascript'/>
                <label name='framework' value='wdio'/>
                <label name='thread' value='0-0'/>
            </labels>
            <parameters>
                <parameter kind='argument' name='browser' value='chrome-104.0.5112.101'/>
            </parameters>
            <steps>
                <step start='1660990428193' status='passed' stop='1660990429480'>
                    <name>POST /session/:sessionId/url</name>
                    <title>POST /session/:sessionId/url</title>
                    <attachments>
                        <attachment title='Request' source='cdd5d19a-09ae-44eb-9543-1613d6af40d5-attachment.json' type='application/json' size='179'/>
                    </attachments>
                    <steps/>
                </step>
                <step start='1660990429480' status='passed' stop='1660990429645'>
                    <name>POST /session/:sessionId/window/maximize</name>
                    <title>POST /session/:sessionId/window/maximize</title>
                    <attachments>
                        <attachment title='Response' source='1b1853e3-aebf-4229-a9d5-05a539c0286c-attachment.json' type='application/json' size='57'/>
                    </attachments>
                    <steps/>
                </step>
            </steps>
            <attachments/>
        </test-case>
        <test-case start='1660990431650' status='broken' stop='1660990431651'>
            <name>When I input email vkaramushka@propify.com</name>
            <title>When I input email vkaramushka@propify.com</title>
            <labels>
                <label name='language' value='javascript'/>
                <label name='framework' value='wdio'/>
                <label name='thread' value='0-0'/>
            </labels>
            <parameters>
                <parameter kind='argument' name='browser' value='chrome-104.0.5112.101'/>
            </parameters>
            <steps/>
            <attachments/>
            <failure>
                <message>Step "I input email vkaramushka@propify.com" is not defined. You can ignore this error by setting cucumberOpts.ignoreUndefinedDefinitions as true.</message>
                <stack-trace>Step "I input email vkaramushka@propify.com" is not defined. You can ignore this error by setting cucumberOpts.ignoreUndefinedDefinitions as true.
                	at Feature(/Users/romantikkk/WebstormProjects/New-Vlad/features/addlead.feature):1:1
                	at Scenario(Adding a lead):3:5
                	at Step(I input email &lt;email1>):5:5
                </stack-trace>
            </failure>
        </test-case>
        <test-case start='1660990431651' status='broken' stop='1660990431652'>
            <name>And I input password Aaaaaaaa1234</name>
            <title>And I input password Aaaaaaaa1234</title>
            <labels>
                <label name='language' value='javascript'/>
                <label name='framework' value='wdio'/>
                <label name='thread' value='0-0'/>
            </labels>
            <parameters>
                <parameter kind='argument' name='browser' value='chrome-104.0.5112.101'/>
            </parameters>
            <steps/>
            <attachments/>
            <failure>
                <message>Step "I input password Aaaaaaaa1234" is not defined. You can ignore this error by setting cucumberOpts.ignoreUndefinedDefinitions as true.</message>
                <stack-trace>Step "I input password Aaaaaaaa1234" is not defined. You can ignore this error by setting cucumberOpts.ignoreUndefinedDefinitions as true.
                	at Feature(/Users/romantikkk/WebstormProjects/New-Vlad/features/addlead.feature):1:1
                	at Scenario(Adding a lead):3:5
                	at Step(I input password &lt;password1>):6:5
                </stack-trace>
            </failure>
        </test-case>
        <test-case start='1660990431652' status='pending' stop='1660990431652'>
            <name>And Click login button</name>
            <title>And Click login button</title>
            <labels>
                <label name='language' value='javascript'/>
                <label name='framework' value='wdio'/>
                <label name='thread' value='0-0'/>
            </labels>
            <parameters>
                <parameter kind='argument' name='browser' value='chrome-104.0.5112.101'/>
            </parameters>
            <steps/>
            <attachments/>
        </test-case>
        <test-case start='1660990431652' status='pending' stop='1660990431653'>
            <name>And I click Leasing page</name>
            <title>And I click Leasing page</title>
            <labels>
                <label name='language' value='javascript'/>
                <label name='framework' value='wdio'/>
                <label name='thread' value='0-0'/>
            </labels>
            <parameters>
                <parameter kind='argument' name='browser' value='chrome-104.0.5112.101'/>
            </parameters>
            <steps/>
            <attachments/>
        </test-case>
        <test-case start='1660990431653' status='pending' stop='1660990431653'>
            <name>And I click View Leads</name>
            <title>And I click View Leads</title>
            <labels>
                <label name='language' value='javascript'/>
                <label name='framework' value='wdio'/>
                <label name='thread' value='0-0'/>
            </labels>
            <parameters>
                <parameter kind='argument' name='browser' value='chrome-104.0.5112.101'/>
            </parameters>
            <steps/>
            <attachments/>
        </test-case>
        <test-case start='1660990431653' status='pending' stop='1660990431653'>
            <name>And I click Add Lead button</name>
            <title>And I click Add Lead button</title>
            <labels>
                <label name='language' value='javascript'/>
                <label name='framework' value='wdio'/>
                <label name='thread' value='0-0'/>
            </labels>
            <parameters>
                <parameter kind='argument' name='browser' value='chrome-104.0.5112.101'/>
            </parameters>
            <steps/>
            <attachments/>
        </test-case>
        <test-case start='1660990431653' status='pending' stop='1660990431654'>
            <name>Then I will see Leads modal</name>
            <title>Then I will see Leads modal</title>
            <labels>
                <label name='language' value='javascript'/>
                <label name='framework' value='wdio'/>
                <label name='thread' value='0-0'/>
            </labels>
            <parameters>
                <parameter kind='argument' name='browser' value='chrome-104.0.5112.101'/>
            </parameters>
            <steps/>
            <attachments/>
        </test-case>
        <test-case start='1660990431654' status='passed' stop='1660990431655'>
            <name></name>
            <title></title>
            <labels>
                <label name='language' value='javascript'/>
                <label name='framework' value='wdio'/>
                <label name='thread' value='0-0'/>
            </labels>
            <parameters>
                <parameter kind='argument' name='browser' value='chrome-104.0.5112.101'/>
            </parameters>
            <steps/>
            <attachments/>
        </test-case>
    </test-cases>
</ns2:test-suite>