<?xml version='1.0'?>
<ns2:test-suite xmlns:ns2='urn:model.allure.qatools.yandex.ru' start='1661858101738' stop='1661858101747'>
    <name>Just main page check: </name>
    <title>Just main page check: </title>
    <test-cases>
        <test-case start='1661858101739' status='passed' stop='1661858101742'>
            <name></name>
            <title></title>
            <labels>
                <label name='language' value='javascript'/>
                <label name='framework' value='wdio'/>
                <label name='thread' value='0-3'/>
            </labels>
            <parameters>
                <parameter kind='argument' name='browser' value='chrome-104.0.5112.101'/>
            </parameters>
            <steps/>
            <attachments/>
        </test-case>
        <test-case start='1661858101742' status='broken' stop='1661858101744'>
            <name>Given I open main page https://tenant-client-stage.dev.propify.com/user/login</name>
            <title>Given I open main page https://tenant-client-stage.dev.propify.com/user/login</title>
            <labels>
                <label name='language' value='javascript'/>
                <label name='framework' value='wdio'/>
                <label name='thread' value='0-3'/>
            </labels>
            <parameters>
                <parameter kind='argument' name='browser' value='chrome-104.0.5112.101'/>
            </parameters>
            <steps/>
            <attachments/>
            <failure>
                <message>Step "I open main page https://tenant-client-stage.dev.propify.com/user/login" is not defined. You can ignore this error by setting cucumberOpts.ignoreUndefinedDefinitions as true.</message>
                <stack-trace>Step "I open main page https://tenant-client-stage.dev.propify.com/user/login" is not defined. You can ignore this error by setting cucumberOpts.ignoreUndefinedDefinitions as true.
                	at Feature(/Users/romantikkk/WebstormProjects/New-Vlad/test/features/newtestcheck.feature):1:1
                	at Scenario():3:5
                	at Step(I open main page &lt;page>):4:5
                </stack-trace>
            </failure>
        </test-case>
        <test-case start='1661858101744' status='pending' stop='1661858101744'>
            <name>When I input email vlad@gmail.com</name>
            <title>When I input email vlad@gmail.com</title>
            <labels>
                <label name='language' value='javascript'/>
                <label name='framework' value='wdio'/>
                <label name='thread' value='0-3'/>
            </labels>
            <parameters>
                <parameter kind='argument' name='browser' value='chrome-104.0.5112.101'/>
            </parameters>
            <steps/>
            <attachments/>
        </test-case>
        <test-case start='1661858101744' status='broken' stop='1661858101745'>
            <name>And I input password Aaaaaaaa12</name>
            <title>And I input password Aaaaaaaa12</title>
            <labels>
                <label name='language' value='javascript'/>
                <label name='framework' value='wdio'/>
                <label name='thread' value='0-3'/>
            </labels>
            <parameters>
                <parameter kind='argument' name='browser' value='chrome-104.0.5112.101'/>
            </parameters>
            <steps/>
            <attachments/>
            <failure>
                <message>Step "I input password Aaaaaaaa12" is not defined. You can ignore this error by setting cucumberOpts.ignoreUndefinedDefinitions as true.</message>
                <stack-trace>Step "I input password Aaaaaaaa12" is not defined. You can ignore this error by setting cucumberOpts.ignoreUndefinedDefinitions as true.
                	at Feature(/Users/romantikkk/WebstormProjects/New-Vlad/test/features/newtestcheck.feature):1:1
                	at Scenario():3:5
                	at Step(I input password &lt;password>):6:5
                </stack-trace>
            </failure>
        </test-case>
        <test-case start='1661858101745' status='passed' stop='1661858101745'>
            <name></name>
            <title></title>
            <labels>
                <label name='language' value='javascript'/>
                <label name='framework' value='wdio'/>
                <label name='thread' value='0-3'/>
            </labels>
            <parameters>
                <parameter kind='argument' name='browser' value='chrome-104.0.5112.101'/>
            </parameters>
            <steps/>
            <attachments/>
        </test-case>
    </test-cases>
</ns2:test-suite>