<?xml version='1.0'?>
<ns2:test-suite xmlns:ns2='urn:model.allure.qatools.yandex.ru' start='1658413625765' stop='1658413627437'>
    <name>Auto test page: Test auto form</name>
    <title>Auto test page: Test auto form</title>
    <test-cases>
        <test-case start='1658413625765' status='passed' stop='1658413625767'>
            <name></name>
            <title></title>
            <labels>
                <label name='language' value='javascript'/>
                <label name='framework' value='wdio'/>
                <label name='thread' value='0-0'/>
            </labels>
            <parameters>
                <parameter kind='argument' name='browser' value='chrome-103.0.5060.114'/>
            </parameters>
            <steps/>
            <attachments/>
        </test-case>
        <test-case start='1658413625767' status='passed' stop='1658413626788'>
            <name>Given I am on practice page "https://automationteststore.com/index.php?rt=account%2Fcreate"</name>
            <title>Given I am on practice page "https://automationteststore.com/index.php?rt=account%2Fcreate"</title>
            <labels>
                <label name='language' value='javascript'/>
                <label name='framework' value='wdio'/>
                <label name='thread' value='0-0'/>
            </labels>
            <parameters>
                <parameter kind='argument' name='browser' value='chrome-103.0.5060.114'/>
            </parameters>
            <steps>
                <step start='1658413625769' status='passed' stop='1658413626645'>
                    <name>POST /session/:sessionId/url</name>
                    <title>POST /session/:sessionId/url</title>
                    <attachments>
                        <attachment title='Request' source='c39842de-dc87-4bc0-ad99-96c104c591be-attachment.json' type='application/json' size='76'/>
                    </attachments>
                    <steps/>
                </step>
                <step start='1658413626645' status='passed' stop='1658413626787'>
                    <name>POST /session/:sessionId/window/maximize</name>
                    <title>POST /session/:sessionId/window/maximize</title>
                    <attachments>
                        <attachment title='Response' source='b52789f1-cce3-417d-afb0-b7b225a0e932-attachment.json' type='application/json' size='57'/>
                    </attachments>
                    <steps/>
                </step>
            </steps>
            <attachments/>
        </test-case>
        <test-case start='1658413626788' status='passed' stop='1658413626826'>
            <name>Then I validate page header "CREATE ACCOUNT"</name>
            <title>Then I validate page header "CREATE ACCOUNT"</title>
            <labels>
                <label name='language' value='javascript'/>
                <label name='framework' value='wdio'/>
                <label name='thread' value='0-0'/>
            </labels>
            <parameters>
                <parameter kind='argument' name='browser' value='chrome-103.0.5060.114'/>
            </parameters>
            <steps>
                <step start='1658413626790' status='passed' stop='1658413626813'>
                    <name>POST /session/:sessionId/element</name>
                    <title>POST /session/:sessionId/element</title>
                    <attachments>
                        <attachment title='Request' source='9dd2f878-275e-4ddf-b8a3-ac761809f255-attachment.json' type='application/json' size='41'/>
                        <attachment title='Response' source='8ebf0648-1dfb-49d6-b42c-dd39b554ffd0-attachment.json' type='application/json' size='83'/>
                    </attachments>
                    <steps/>
                </step>
                <step start='1658413626821' status='undefined'>
                    <name>GET /session/:sessionId/element/31a9f2f7-6448-41e3-87c8-05f00ae2756a/text</name>
                    <title>GET /session/:sessionId/element/31a9f2f7-6448-41e3-87c8-05f00ae2756a/text</title>
                    <attachments/>
                    <steps/>
                </step>
            </steps>
            <attachments/>
        </test-case>
        <test-case start='1658413626854' status='passed' stop='1658413627267'>
            <name>When I enter firstname Vlad lastname Karamushka email vlad@gmail.com</name>
            <title>When I enter firstname Vlad lastname Karamushka email vlad@gmail.com</title>
            <labels>
                <label name='language' value='javascript'/>
                <label name='framework' value='wdio'/>
                <label name='thread' value='0-0'/>
            </labels>
            <parameters>
                <parameter kind='argument' name='browser' value='chrome-103.0.5060.114'/>
            </parameters>
            <steps>
                <step start='1658413626858' status='passed' stop='1658413626952'>
                    <name>POST /session/:sessionId/element</name>
                    <title>POST /session/:sessionId/element</title>
                    <attachments>
                        <attachment title='Request' source='834e7420-3d06-4a07-877f-54df074207a2-attachment.json' type='application/json' size='59'/>
                        <attachment title='Response' source='bd5bc88e-f34b-43f9-97cc-0d5273fe02bf-attachment.json' type='application/json' size='83'/>
                    </attachments>
                    <steps>
                        <step start='1658413626860' status='passed' stop='1658413626945'>
                            <name>POST /session/:sessionId/element</name>
                            <title>POST /session/:sessionId/element</title>
                            <attachments>
                                <attachment title='Request' source='9f99e557-8aad-49fe-9d7d-6588a64a109e-attachment.json' type='application/json' size='56'/>
                                <attachment title='Response' source='6288f22b-b8d5-42ee-8ece-10bd97caf0ec-attachment.json' type='application/json' size='83'/>
                            </attachments>
                            <steps>
                                <step start='1658413626868' status='passed' stop='1658413626937'>
                                    <name>POST /session/:sessionId/element</name>
                                    <title>POST /session/:sessionId/element</title>
                                    <attachments>
                                        <attachment title='Request' source='ab7979c0-7e38-42ab-9db6-67a6b53c8a91-attachment.json' type='application/json' size='60'/>
                                        <attachment title='Response' source='75e152b9-a51e-4705-ad17-ab88cc5c1be2-attachment.json' type='application/json' size='16'/>
                                    </attachments>
                                    <steps/>
                                </step>
                            </steps>
                        </step>
                    </steps>
                </step>
                <step start='1658413626964' status='passed' stop='1658413626992'>
                    <name>POST /session/:sessionId/element/6636ad53-bdc7-4371-bd17-cfb73d34a9e7/clear</name>
                    <title>POST /session/:sessionId/element/6636ad53-bdc7-4371-bd17-cfb73d34a9e7/clear</title>
                    <attachments/>
                    <steps/>
                </step>
                <step start='1658413626994' status='passed' stop='1658413627144'>
                    <name>POST /session/:sessionId/element/6636ad53-bdc7-4371-bd17-cfb73d34a9e7/value</name>
                    <title>POST /session/:sessionId/element/6636ad53-bdc7-4371-bd17-cfb73d34a9e7/value</title>
                    <attachments>
                        <attachment title='Request' source='199f2aae-1f19-49c8-bc0d-692c0a921815-attachment.json' type='application/json' size='20'/>
                    </attachments>
                    <steps/>
                </step>
                <step start='1658413627144' status='passed' stop='1658413627171'>
                    <name>POST /session/:sessionId/element/2bc25322-08f7-4fb2-98fe-e0a7569d91f7/clear</name>
                    <title>POST /session/:sessionId/element/2bc25322-08f7-4fb2-98fe-e0a7569d91f7/clear</title>
                    <attachments/>
                    <steps/>
                </step>
                <step start='1658413627173' status='passed' stop='1658413627208'>
                    <name>POST /session/:sessionId/element/2bc25322-08f7-4fb2-98fe-e0a7569d91f7/value</name>
                    <title>POST /session/:sessionId/element/2bc25322-08f7-4fb2-98fe-e0a7569d91f7/value</title>
                    <attachments>
                        <attachment title='Request' source='a2b73607-bbdf-457e-8735-0b6dd546c4f3-attachment.json' type='application/json' size='20'/>
                    </attachments>
                    <steps/>
                </step>
                <step start='1658413627208' status='passed' stop='1658413627232'>
                    <name>POST /session/:sessionId/element/a575e8ff-4d3e-47a8-9c58-29ef4f365a0f/clear</name>
                    <title>POST /session/:sessionId/element/a575e8ff-4d3e-47a8-9c58-29ef4f365a0f/clear</title>
                    <attachments/>
                    <steps/>
                </step>
                <step start='1658413627232' status='passed' stop='1658413627266'>
                    <name>POST /session/:sessionId/element/a575e8ff-4d3e-47a8-9c58-29ef4f365a0f/value</name>
                    <title>POST /session/:sessionId/element/a575e8ff-4d3e-47a8-9c58-29ef4f365a0f/value</title>
                    <attachments>
                        <attachment title='Request' source='f4423d73-4609-4334-b52a-901b83c571ec-attachment.json' type='application/json' size='20'/>
                    </attachments>
                    <steps/>
                </step>
            </steps>
            <attachments>
                <attachment title='Response' source='b93fd8e1-4990-4c66-8b3f-b2e6771beee4-attachment.json' type='application/json' size='83'/>
            </attachments>
        </test-case>
        <test-case start='1658413627267' status='passed' stop='1658413627432'>
            <name>And I enter address1 Hm12 city Nikopol</name>
            <title>And I enter address1 Hm12 city Nikopol</title>
            <labels>
                <label name='language' value='javascript'/>
                <label name='framework' value='wdio'/>
                <label name='thread' value='0-0'/>
            </labels>
            <parameters>
                <parameter kind='argument' name='browser' value='chrome-103.0.5060.114'/>
            </parameters>
            <steps>
                <step start='1658413627268' status='passed' stop='1658413627287'>
                    <name>POST /session/:sessionId/element</name>
                    <title>POST /session/:sessionId/element</title>
                    <attachments>
                        <attachment title='Request' source='052a95b0-86ad-4664-81a0-afde0caf79ce-attachment.json' type='application/json' size='55'/>
                        <attachment title='Response' source='6563772f-3ff5-4c6b-93d5-6383c420ed8a-attachment.json' type='application/json' size='83'/>
                    </attachments>
                    <steps>
                        <step start='1658413627270' status='passed' stop='1658413627280'>
                            <name>POST /session/:sessionId/element</name>
                            <title>POST /session/:sessionId/element</title>
                            <attachments>
                                <attachment title='Request' source='2b2e3f2d-9a0c-4525-88fb-aee62378b648-attachment.json' type='application/json' size='60'/>
                                <attachment title='Response' source='6dfe96e6-0352-43c9-a8db-d0c2a4e72b84-attachment.json' type='application/json' size='83'/>
                            </attachments>
                            <steps/>
                        </step>
                    </steps>
                </step>
                <step start='1658413627290' status='passed' stop='1658413627314'>
                    <name>POST /session/:sessionId/element/381fa475-2e43-4616-9726-524fc9678046/clear</name>
                    <title>POST /session/:sessionId/element/381fa475-2e43-4616-9726-524fc9678046/clear</title>
                    <attachments/>
                    <steps/>
                </step>
                <step start='1658413627314' status='passed' stop='1658413627348'>
                    <name>POST /session/:sessionId/element/381fa475-2e43-4616-9726-524fc9678046/value</name>
                    <title>POST /session/:sessionId/element/381fa475-2e43-4616-9726-524fc9678046/value</title>
                    <attachments>
                        <attachment title='Request' source='a4fd5956-1bef-452b-9020-baa9ff48a848-attachment.json' type='application/json' size='20'/>
                    </attachments>
                    <steps/>
                </step>
                <step start='1658413627348' status='passed' stop='1658413627381'>
                    <name>POST /session/:sessionId/element/20425ea9-5563-468b-89df-14cc8e520682/clear</name>
                    <title>POST /session/:sessionId/element/20425ea9-5563-468b-89df-14cc8e520682/clear</title>
                    <attachments/>
                    <steps/>
                </step>
                <step start='1658413627381' status='passed' stop='1658413627432'>
                    <name>POST /session/:sessionId/element/20425ea9-5563-468b-89df-14cc8e520682/value</name>
                    <title>POST /session/:sessionId/element/20425ea9-5563-468b-89df-14cc8e520682/value</title>
                    <attachments>
                        <attachment title='Request' source='9afecc29-1f2a-4f61-be7e-cb7384a7f951-attachment.json' type='application/json' size='23'/>
                    </attachments>
                    <steps/>
                </step>
            </steps>
            <attachments/>
        </test-case>
        <test-case start='1658413627432' status='broken' stop='1658413627434'>
            <name>And I select region/state Kyiv</name>
            <title>And I select region/state Kyiv</title>
            <labels>
                <label name='language' value='javascript'/>
                <label name='framework' value='wdio'/>
                <label name='thread' value='0-0'/>
            </labels>
            <parameters>
                <parameter kind='argument' name='browser' value='chrome-103.0.5060.114'/>
            </parameters>
            <steps/>
            <attachments/>
            <failure>
                <message>Step "I select region/state Kyiv" is not defined. You can ignore this error by setting cucumberOpts.ignoreUndefinedDefinitions as true.</message>
                <stack-trace>Step "I select region/state Kyiv" is not defined. You can ignore this error by setting cucumberOpts.ignoreUndefinedDefinitions as true.
                	at Feature(/Users/romantikkk/WebstormProjects/New-Vlad/features/register.feature):1:1
                	at Scenario(Test auto form):3:5
                	at Step(I select region/state &lt;region>):8:7
                </stack-trace>
            </failure>
        </test-case>
        <test-case start='1658413627434' status='broken' stop='1658413627434'>
            <name>And I enter zipcode 53204</name>
            <title>And I enter zipcode 53204</title>
            <labels>
                <label name='language' value='javascript'/>
                <label name='framework' value='wdio'/>
                <label name='thread' value='0-0'/>
            </labels>
            <parameters>
                <parameter kind='argument' name='browser' value='chrome-103.0.5060.114'/>
            </parameters>
            <steps/>
            <attachments/>
            <failure>
                <message>Step "I enter zipcode 53204" is not defined. You can ignore this error by setting cucumberOpts.ignoreUndefinedDefinitions as true.</message>
                <stack-trace>Step "I enter zipcode 53204" is not defined. You can ignore this error by setting cucumberOpts.ignoreUndefinedDefinitions as true.
                	at Feature(/Users/romantikkk/WebstormProjects/New-Vlad/features/register.feature):1:1
                	at Scenario(Test auto form):3:5
                	at Step(I enter zipcode &lt;zipcode>):9:7
                </stack-trace>
            </failure>
        </test-case>
        <test-case start='1658413627434' status='broken' stop='1658413627434'>
            <name>And I select country Ukraine</name>
            <title>And I select country Ukraine</title>
            <labels>
                <label name='language' value='javascript'/>
                <label name='framework' value='wdio'/>
                <label name='thread' value='0-0'/>
            </labels>
            <parameters>
                <parameter kind='argument' name='browser' value='chrome-103.0.5060.114'/>
            </parameters>
            <steps/>
            <attachments/>
            <failure>
                <message>Step "I select country Ukraine" is not defined. You can ignore this error by setting cucumberOpts.ignoreUndefinedDefinitions as true.</message>
                <stack-trace>Step "I select country Ukraine" is not defined. You can ignore this error by setting cucumberOpts.ignoreUndefinedDefinitions as true.
                	at Feature(/Users/romantikkk/WebstormProjects/New-Vlad/features/register.feature):1:1
                	at Scenario(Test auto form):3:5
                	at Step(I select country &lt;country>):10:7
                </stack-trace>
            </failure>
        </test-case>
        <test-case start='1658413627434' status='broken' stop='1658413627435'>
            <name>And I enter login vladka password Aaaaaaaa12 passwordrepeat Aaaaaaaa12</name>
            <title>And I enter login vladka password Aaaaaaaa12 passwordrepeat Aaaaaaaa12</title>
            <labels>
                <label name='language' value='javascript'/>
                <label name='framework' value='wdio'/>
                <label name='thread' value='0-0'/>
            </labels>
            <parameters>
                <parameter kind='argument' name='browser' value='chrome-103.0.5060.114'/>
            </parameters>
            <steps/>
            <attachments/>
            <failure>
                <message>Step "I enter login vladka password Aaaaaaaa12 passwordrepeat Aaaaaaaa12" is not defined. You can ignore this error by setting cucumberOpts.ignoreUndefinedDefinitions as true.</message>
                <stack-trace>Step "I enter login vladka password Aaaaaaaa12 passwordrepeat Aaaaaaaa12" is not defined. You can ignore this error by setting cucumberOpts.ignoreUndefinedDefinitions as true.
                	at Feature(/Users/romantikkk/WebstormProjects/New-Vlad/features/register.feature):1:1
                	at Scenario(Test auto form):3:5
                	at Step(I enter login &lt;login> password &lt;pass> passwordrepeat &lt;pass1>):11:7
                </stack-trace>
            </failure>
        </test-case>
        <test-case start='1658413627435' status='broken' stop='1658413627435'>
            <name>And I click on submit button</name>
            <title>And I click on submit button</title>
            <labels>
                <label name='language' value='javascript'/>
                <label name='framework' value='wdio'/>
                <label name='thread' value='0-0'/>
            </labels>
            <parameters>
                <parameter kind='argument' name='browser' value='chrome-103.0.5060.114'/>
            </parameters>
            <steps/>
            <attachments/>
            <failure>
                <message>Step "I click on submit button" is not defined. You can ignore this error by setting cucumberOpts.ignoreUndefinedDefinitions as true.</message>
                <stack-trace>Step "I click on submit button" is not defined. You can ignore this error by setting cucumberOpts.ignoreUndefinedDefinitions as true.
                	at Feature(/Users/romantikkk/WebstormProjects/New-Vlad/features/register.feature):1:1
                	at Scenario(Test auto form):3:5
                	at Step(I click on submit button):12:7
                </stack-trace>
            </failure>
        </test-case>
        <test-case start='1658413627435' status='pending' stop='1658413627436'>
            <name>Then I validate page header "We're pasionate about tea."</name>
            <title>Then I validate page header "We're pasionate about tea."</title>
            <labels>
                <label name='language' value='javascript'/>
                <label name='framework' value='wdio'/>
                <label name='thread' value='0-0'/>
            </labels>
            <parameters>
                <parameter kind='argument' name='browser' value='chrome-103.0.5060.114'/>
            </parameters>
            <steps/>
            <attachments/>
        </test-case>
        <test-case start='1658413627436' status='passed' stop='1658413627436'>
            <name></name>
            <title></title>
            <labels>
                <label name='language' value='javascript'/>
                <label name='framework' value='wdio'/>
                <label name='thread' value='0-0'/>
            </labels>
            <parameters>
                <parameter kind='argument' name='browser' value='chrome-103.0.5060.114'/>
            </parameters>
            <steps/>
            <attachments/>
        </test-case>
    </test-cases>
</ns2:test-suite>