<?xml version='1.0'?>
<ns2:test-suite xmlns:ns2='urn:model.allure.qatools.yandex.ru' start='1660592185083' stop='1660592185089'>
    <name>Maint page login: Login to Maint Client</name>
    <title>Maint page login: Login to Maint Client</title>
    <test-cases>
        <test-case start='1660592185084' status='passed' stop='1660592185085'>
            <name></name>
            <title></title>
            <labels>
                <label name='language' value='javascript'/>
                <label name='framework' value='wdio'/>
                <label name='thread' value='0-0'/>
            </labels>
            <parameters>
                <parameter kind='argument' name='browser' value='chrome-104.0.5112.79'/>
            </parameters>
            <steps/>
            <attachments/>
        </test-case>
        <test-case start='1660592185086' status='broken' stop='1660592185087'>
            <name>Given I'm on the page https://tenant-client-stage.dev.propify.com/user/login</name>
            <title>Given I'm on the page https://tenant-client-stage.dev.propify.com/user/login</title>
            <labels>
                <label name='language' value='javascript'/>
                <label name='framework' value='wdio'/>
                <label name='thread' value='0-0'/>
            </labels>
            <parameters>
                <parameter kind='argument' name='browser' value='chrome-104.0.5112.79'/>
            </parameters>
            <steps/>
            <attachments/>
            <failure>
                <message>Step "I'm on the page https://tenant-client-stage.dev.propify.com/user/login" is not defined. You can ignore this error by setting cucumberOpts.ignoreUndefinedDefinitions as true.</message>
                <stack-trace>Step "I'm on the page https://tenant-client-stage.dev.propify.com/user/login" is not defined. You can ignore this error by setting cucumberOpts.ignoreUndefinedDefinitions as true.
                	at Feature(/Users/romantikkk/WebstormProjects/New-Vlad/features/maintlogin.feature):1:1
                	at Scenario(Login to Maint Client):2:5
                	at Step(I'm on the page &lt;maint>):3:7
                </stack-trace>
            </failure>
        </test-case>
        <test-case start='1660592185087' status='broken' stop='1660592185087'>
            <name>When I input thursdaycheck@gmail.com and Aaaaaaaa12</name>
            <title>When I input thursdaycheck@gmail.com and Aaaaaaaa12</title>
            <labels>
                <label name='language' value='javascript'/>
                <label name='framework' value='wdio'/>
                <label name='thread' value='0-0'/>
            </labels>
            <parameters>
                <parameter kind='argument' name='browser' value='chrome-104.0.5112.79'/>
            </parameters>
            <steps/>
            <attachments/>
            <failure>
                <message>Step "I input thursdaycheck@gmail.com and Aaaaaaaa12" is not defined. You can ignore this error by setting cucumberOpts.ignoreUndefinedDefinitions as true.</message>
                <stack-trace>Step "I input thursdaycheck@gmail.com and Aaaaaaaa12" is not defined. You can ignore this error by setting cucumberOpts.ignoreUndefinedDefinitions as true.
                	at Feature(/Users/romantikkk/WebstormProjects/New-Vlad/features/maintlogin.feature):1:1
                	at Scenario(Login to Maint Client):2:5
                	at Step(I input &lt;email> and &lt;password>):4:7
                </stack-trace>
            </failure>
        </test-case>
        <test-case start='1660592185087' status='broken' stop='1660592185087'>
            <name>And I press the submit button</name>
            <title>And I press the submit button</title>
            <labels>
                <label name='language' value='javascript'/>
                <label name='framework' value='wdio'/>
                <label name='thread' value='0-0'/>
            </labels>
            <parameters>
                <parameter kind='argument' name='browser' value='chrome-104.0.5112.79'/>
            </parameters>
            <steps/>
            <attachments/>
            <failure>
                <message>Step "I press the submit button" is not defined. You can ignore this error by setting cucumberOpts.ignoreUndefinedDefinitions as true.</message>
                <stack-trace>Step "I press the submit button" is not defined. You can ignore this error by setting cucumberOpts.ignoreUndefinedDefinitions as true.
                	at Feature(/Users/romantikkk/WebstormProjects/New-Vlad/features/maintlogin.feature):1:1
                	at Scenario(Login to Maint Client):2:5
                	at Step(I press the submit button):5:7
                </stack-trace>
            </failure>
        </test-case>
        <test-case start='1660592185087' status='broken' stop='1660592185088'>
            <name>Then I will see Dashboard title Dashboard</name>
            <title>Then I will see Dashboard title Dashboard</title>
            <labels>
                <label name='language' value='javascript'/>
                <label name='framework' value='wdio'/>
                <label name='thread' value='0-0'/>
            </labels>
            <parameters>
                <parameter kind='argument' name='browser' value='chrome-104.0.5112.79'/>
            </parameters>
            <steps/>
            <attachments/>
            <failure>
                <message>Step "I will see Dashboard title Dashboard" is not defined. You can ignore this error by setting cucumberOpts.ignoreUndefinedDefinitions as true.</message>
                <stack-trace>Step "I will see Dashboard title Dashboard" is not defined. You can ignore this error by setting cucumberOpts.ignoreUndefinedDefinitions as true.
                	at Feature(/Users/romantikkk/WebstormProjects/New-Vlad/features/maintlogin.feature):1:1
                	at Scenario(Login to Maint Client):2:5
                	at Step(I will see Dashboard title &lt;title>):6:7
                </stack-trace>
            </failure>
        </test-case>
        <test-case start='1660592185088' status='broken' stop='1660592185088'>
            <name>Then I will see the page https://tenant-client-stage.dev.propify.com/dashboard</name>
            <title>Then I will see the page https://tenant-client-stage.dev.propify.com/dashboard</title>
            <labels>
                <label name='language' value='javascript'/>
                <label name='framework' value='wdio'/>
                <label name='thread' value='0-0'/>
            </labels>
            <parameters>
                <parameter kind='argument' name='browser' value='chrome-104.0.5112.79'/>
            </parameters>
            <steps/>
            <attachments/>
            <failure>
                <message>Step "I will see the page https://tenant-client-stage.dev.propify.com/dashboard" is not defined. You can ignore this error by setting cucumberOpts.ignoreUndefinedDefinitions as true.</message>
                <stack-trace>Step "I will see the page https://tenant-client-stage.dev.propify.com/dashboard" is not defined. You can ignore this error by setting cucumberOpts.ignoreUndefinedDefinitions as true.
                	at Feature(/Users/romantikkk/WebstormProjects/New-Vlad/features/maintlogin.feature):1:1
                	at Scenario(Login to Maint Client):2:5
                	at Step(I will see the page &lt;url>):7:7
                </stack-trace>
            </failure>
        </test-case>
        <test-case start='1660592185088' status='passed' stop='1660592185088'>
            <name></name>
            <title></title>
            <labels>
                <label name='language' value='javascript'/>
                <label name='framework' value='wdio'/>
                <label name='thread' value='0-0'/>
            </labels>
            <parameters>
                <parameter kind='argument' name='browser' value='chrome-104.0.5112.79'/>
            </parameters>
            <steps/>
            <attachments/>
        </test-case>
    </test-cases>
</ns2:test-suite>