<?xml version='1.0'?>
<ns2:test-suite xmlns:ns2='urn:model.allure.qatools.yandex.ru' start='1658951091801' stop='1658951094339'>
    <name>Main page: Search category</name>
    <title>Main page: Search category</title>
    <test-cases>
        <test-case start='1658951091803' status='passed' stop='1658951091807'>
            <name></name>
            <title></title>
            <labels>
                <label name='language' value='javascript'/>
                <label name='framework' value='wdio'/>
                <label name='thread' value='0-0'/>
            </labels>
            <parameters>
                <parameter kind='argument' name='browser' value='chrome-103.0.5060.134'/>
            </parameters>
            <steps/>
            <attachments/>
        </test-case>
        <test-case start='1658951091807' status='passed' stop='1658951094335'>
            <name>Given I am on practice page "https://intertop.ua/ua/"</name>
            <title>Given I am on practice page "https://intertop.ua/ua/"</title>
            <labels>
                <label name='language' value='javascript'/>
                <label name='framework' value='wdio'/>
                <label name='thread' value='0-0'/>
            </labels>
            <parameters>
                <parameter kind='argument' name='browser' value='chrome-103.0.5060.134'/>
            </parameters>
            <steps>
                <step start='1658951091811' status='passed' stop='1658951094102'>
                    <name>POST /session/:sessionId/url</name>
                    <title>POST /session/:sessionId/url</title>
                    <attachments>
                        <attachment title='Request' source='f91b71e5-88aa-47f9-a7ba-22d1fd17c83f-attachment.json' type='application/json' size='38'/>
                    </attachments>
                    <steps/>
                </step>
                <step start='1658951094102' status='passed' stop='1658951094333'>
                    <name>POST /session/:sessionId/window/maximize</name>
                    <title>POST /session/:sessionId/window/maximize</title>
                    <attachments>
                        <attachment title='Response' source='91658157-afe0-41ee-996b-dfb39f5eda3a-attachment.json' type='application/json' size='57'/>
                    </attachments>
                    <steps/>
                </step>
            </steps>
            <attachments/>
        </test-case>
        <test-case start='1658951094335' status='broken' stop='1658951094336'>
            <name>When I enter search shoes</name>
            <title>When I enter search shoes</title>
            <labels>
                <label name='language' value='javascript'/>
                <label name='framework' value='wdio'/>
                <label name='thread' value='0-0'/>
            </labels>
            <parameters>
                <parameter kind='argument' name='browser' value='chrome-103.0.5060.134'/>
            </parameters>
            <steps/>
            <attachments/>
            <failure>
                <message>Step "I enter search shoes" is not defined. You can ignore this error by setting cucumberOpts.ignoreUndefinedDefinitions as true.</message>
                <stack-trace>Step "I enter search shoes" is not defined. You can ignore this error by setting cucumberOpts.ignoreUndefinedDefinitions as true.
                	at Feature(/Users/romantikkk/WebstormProjects/New-Vlad/features/search.feature):1:1
                	at Scenario(Search category):3:6
                	at Step(I enter search &lt;search>):5:8
                </stack-trace>
            </failure>
        </test-case>
        <test-case start='1658951094336' status='broken' stop='1658951094336'>
            <name>And I click on search button</name>
            <title>And I click on search button</title>
            <labels>
                <label name='language' value='javascript'/>
                <label name='framework' value='wdio'/>
                <label name='thread' value='0-0'/>
            </labels>
            <parameters>
                <parameter kind='argument' name='browser' value='chrome-103.0.5060.134'/>
            </parameters>
            <steps/>
            <attachments/>
            <failure>
                <message>Step "I click on search button" is not defined. You can ignore this error by setting cucumberOpts.ignoreUndefinedDefinitions as true.</message>
                <stack-trace>Step "I click on search button" is not defined. You can ignore this error by setting cucumberOpts.ignoreUndefinedDefinitions as true.
                	at Feature(/Users/romantikkk/WebstormProjects/New-Vlad/features/search.feature):1:1
                	at Scenario(Search category):3:6
                	at Step(I click on search button):6:8
                </stack-trace>
            </failure>
        </test-case>
        <test-case start='1658951094336' status='pending' stop='1658951094337'>
            <name>Then I validate page header "Your Account Has Been Created!"</name>
            <title>Then I validate page header "Your Account Has Been Created!"</title>
            <labels>
                <label name='language' value='javascript'/>
                <label name='framework' value='wdio'/>
                <label name='thread' value='0-0'/>
            </labels>
            <parameters>
                <parameter kind='argument' name='browser' value='chrome-103.0.5060.134'/>
            </parameters>
            <steps/>
            <attachments/>
        </test-case>
        <test-case start='1658951094337' status='passed' stop='1658951094338'>
            <name></name>
            <title></title>
            <labels>
                <label name='language' value='javascript'/>
                <label name='framework' value='wdio'/>
                <label name='thread' value='0-0'/>
            </labels>
            <parameters>
                <parameter kind='argument' name='browser' value='chrome-103.0.5060.134'/>
            </parameters>
            <steps/>
            <attachments/>
        </test-case>
    </test-cases>
</ns2:test-suite>