<?xml version='1.0'?>
<ns2:test-suite xmlns:ns2='urn:model.allure.qatools.yandex.ru' start='1660579364098' stop='1660579364105'>
    <name>The Internet website homepage: As a user, I can open internet website</name>
    <title>The Internet website homepage: As a user, I can open internet website</title>
    <test-cases>
        <test-case start='1660579364099' status='passed' stop='1660579364101'>
            <name></name>
            <title></title>
            <labels>
                <label name='language' value='javascript'/>
                <label name='framework' value='wdio'/>
                <label name='thread' value='0-0'/>
            </labels>
            <parameters>
                <parameter kind='argument' name='browser' value='chrome-104.0.5112.79'/>
            </parameters>
            <steps/>
            <attachments/>
        </test-case>
        <test-case start='1660579364102' status='broken' stop='1660579364104'>
            <name>Given I open the browser and load the url https://the-internet.herokuapp.com</name>
            <title>Given I open the browser and load the url https://the-internet.herokuapp.com</title>
            <labels>
                <label name='language' value='javascript'/>
                <label name='framework' value='wdio'/>
                <label name='thread' value='0-0'/>
            </labels>
            <parameters>
                <parameter kind='argument' name='browser' value='chrome-104.0.5112.79'/>
            </parameters>
            <steps/>
            <attachments/>
            <failure>
                <message>Step "I open the browser and load the url https://the-internet.herokuapp.com" is not defined. You can ignore this error by setting cucumberOpts.ignoreUndefinedDefinitions as true.</message>
                <stack-trace>Step "I open the browser and load the url https://the-internet.herokuapp.com" is not defined. You can ignore this error by setting cucumberOpts.ignoreUndefinedDefinitions as true.
                	at Feature(/Users/romantikkk/WebstormProjects/New-Vlad/features/home.feature):1:1
                	at Scenario(As a user, I can open internet website):3:3
                	at Step(I open the browser and load the url &lt;homepageurl>):4:5
                </stack-trace>
            </failure>
        </test-case>
        <test-case start='1660579364104' status='broken' stop='1660579364104'>
            <name>Then I should see a header with test Welcome to the-internet</name>
            <title>Then I should see a header with test Welcome to the-internet</title>
            <labels>
                <label name='language' value='javascript'/>
                <label name='framework' value='wdio'/>
                <label name='thread' value='0-0'/>
            </labels>
            <parameters>
                <parameter kind='argument' name='browser' value='chrome-104.0.5112.79'/>
            </parameters>
            <steps/>
            <attachments/>
            <failure>
                <message>Step "I should see a header with test Welcome to the-internet" is not defined. You can ignore this error by setting cucumberOpts.ignoreUndefinedDefinitions as true.</message>
                <stack-trace>Step "I should see a header with test Welcome to the-internet" is not defined. You can ignore this error by setting cucumberOpts.ignoreUndefinedDefinitions as true.
                	at Feature(/Users/romantikkk/WebstormProjects/New-Vlad/features/home.feature):1:1
                	at Scenario(As a user, I can open internet website):3:3
                	at Step(I should see a header with test &lt;headertext>):5:5
                </stack-trace>
            </failure>
        </test-case>
        <test-case start='1660579364104' status='passed' stop='1660579364105'>
            <name></name>
            <title></title>
            <labels>
                <label name='language' value='javascript'/>
                <label name='framework' value='wdio'/>
                <label name='thread' value='0-0'/>
            </labels>
            <parameters>
                <parameter kind='argument' name='browser' value='chrome-104.0.5112.79'/>
            </parameters>
            <steps/>
            <attachments/>
        </test-case>
    </test-cases>
</ns2:test-suite>