<?xml version='1.0'?>
<ns2:test-suite xmlns:ns2='urn:model.allure.qatools.yandex.ru' start='1660579364061' stop='1660579364093'>
    <name>Main page: Open link</name>
    <title>Main page: Open link</title>
    <test-cases>
        <test-case start='1660579364063' status='passed' stop='1660579364067'>
            <name></name>
            <title></title>
            <labels>
                <label name='language' value='javascript'/>
                <label name='framework' value='wdio'/>
                <label name='thread' value='0-2'/>
            </labels>
            <parameters>
                <parameter kind='argument' name='browser' value='chrome-104.0.5112.79'/>
            </parameters>
            <steps/>
            <attachments/>
        </test-case>
        <test-case start='1660579364068' status='broken' stop='1660579364071'>
            <name>Given I am on main page "https://mezha.media/"</name>
            <title>Given I am on main page "https://mezha.media/"</title>
            <labels>
                <label name='language' value='javascript'/>
                <label name='framework' value='wdio'/>
                <label name='thread' value='0-2'/>
            </labels>
            <parameters>
                <parameter kind='argument' name='browser' value='chrome-104.0.5112.79'/>
            </parameters>
            <steps/>
            <attachments/>
            <failure>
                <message>Step "I am on main page "https://mezha.media/"" is not defined. You can ignore this error by setting cucumberOpts.ignoreUndefinedDefinitions as true.</message>
                <stack-trace>Step "I am on main page "https://mezha.media/"" is not defined. You can ignore this error by setting cucumberOpts.ignoreUndefinedDefinitions as true.
                	at Feature(/Users/romantikkk/WebstormProjects/New-Vlad/features/mega.feature):1:1
                	at Scenario(Open link):3:7
                	at Step(I am on main page "https://mezha.media/"):4:11
                </stack-trace>
            </failure>
        </test-case>
        <test-case start='1660579364076' status='broken' stop='1660579364077'>
            <name>When I successfully click 3 dots button</name>
            <title>When I successfully click 3 dots button</title>
            <labels>
                <label name='language' value='javascript'/>
                <label name='framework' value='wdio'/>
                <label name='thread' value='0-2'/>
            </labels>
            <parameters>
                <parameter kind='argument' name='browser' value='chrome-104.0.5112.79'/>
            </parameters>
            <steps/>
            <attachments/>
            <failure>
                <message>Step "I successfully click 3 dots button" is not defined. You can ignore this error by setting cucumberOpts.ignoreUndefinedDefinitions as true.</message>
                <stack-trace>Step "I successfully click 3 dots button" is not defined. You can ignore this error by setting cucumberOpts.ignoreUndefinedDefinitions as true.
                	at Feature(/Users/romantikkk/WebstormProjects/New-Vlad/features/mega.feature):1:1
                	at Scenario(Open link):3:7
                	at Step(I successfully click 3 dots button):5:11
                </stack-trace>
            </failure>
        </test-case>
        <test-case start='1660579364087' status='broken' stop='1660579364088'>
            <name>And I successfully input searching dota</name>
            <title>And I successfully input searching dota</title>
            <labels>
                <label name='language' value='javascript'/>
                <label name='framework' value='wdio'/>
                <label name='thread' value='0-2'/>
            </labels>
            <parameters>
                <parameter kind='argument' name='browser' value='chrome-104.0.5112.79'/>
            </parameters>
            <steps/>
            <attachments/>
            <failure>
                <message>Step "I successfully input searching dota" is not defined. You can ignore this error by setting cucumberOpts.ignoreUndefinedDefinitions as true.</message>
                <stack-trace>Step "I successfully input searching dota" is not defined. You can ignore this error by setting cucumberOpts.ignoreUndefinedDefinitions as true.
                	at Feature(/Users/romantikkk/WebstormProjects/New-Vlad/features/mega.feature):1:1
                	at Scenario(Open link):3:7
                	at Step(I successfully input searching &lt;search>):6:11
                </stack-trace>
            </failure>
        </test-case>
        <test-case start='1660579364088' status='broken' stop='1660579364088'>
            <name>And I click on search button</name>
            <title>And I click on search button</title>
            <labels>
                <label name='language' value='javascript'/>
                <label name='framework' value='wdio'/>
                <label name='thread' value='0-2'/>
            </labels>
            <parameters>
                <parameter kind='argument' name='browser' value='chrome-104.0.5112.79'/>
            </parameters>
            <steps/>
            <attachments/>
            <failure>
                <message>Step "I click on search button" is not defined. You can ignore this error by setting cucumberOpts.ignoreUndefinedDefinitions as true.</message>
                <stack-trace>Step "I click on search button" is not defined. You can ignore this error by setting cucumberOpts.ignoreUndefinedDefinitions as true.
                	at Feature(/Users/romantikkk/WebstormProjects/New-Vlad/features/mega.feature):1:1
                	at Scenario(Open link):3:7
                	at Step(I click on search button):7:11
                </stack-trace>
            </failure>
        </test-case>
        <test-case start='1660579364089' status='broken' stop='1660579364089'>
            <name>And I click switch theme</name>
            <title>And I click switch theme</title>
            <labels>
                <label name='language' value='javascript'/>
                <label name='framework' value='wdio'/>
                <label name='thread' value='0-2'/>
            </labels>
            <parameters>
                <parameter kind='argument' name='browser' value='chrome-104.0.5112.79'/>
            </parameters>
            <steps/>
            <attachments/>
            <failure>
                <message>Step "I click switch theme" is not defined. You can ignore this error by setting cucumberOpts.ignoreUndefinedDefinitions as true.</message>
                <stack-trace>Step "I click switch theme" is not defined. You can ignore this error by setting cucumberOpts.ignoreUndefinedDefinitions as true.
                	at Feature(/Users/romantikkk/WebstormProjects/New-Vlad/features/mega.feature):1:1
                	at Scenario(Open link):3:7
                	at Step(I click switch theme):8:11
                </stack-trace>
            </failure>
        </test-case>
        <test-case start='1660579364089' status='broken' stop='1660579364089'>
            <name>And I click switch language</name>
            <title>And I click switch language</title>
            <labels>
                <label name='language' value='javascript'/>
                <label name='framework' value='wdio'/>
                <label name='thread' value='0-2'/>
            </labels>
            <parameters>
                <parameter kind='argument' name='browser' value='chrome-104.0.5112.79'/>
            </parameters>
            <steps/>
            <attachments/>
            <failure>
                <message>Step "I click switch language" is not defined. You can ignore this error by setting cucumberOpts.ignoreUndefinedDefinitions as true.</message>
                <stack-trace>Step "I click switch language" is not defined. You can ignore this error by setting cucumberOpts.ignoreUndefinedDefinitions as true.
                	at Feature(/Users/romantikkk/WebstormProjects/New-Vlad/features/mega.feature):1:1
                	at Scenario(Open link):3:7
                	at Step(I click switch language):9:11
                </stack-trace>
            </failure>
        </test-case>
        <test-case start='1660579364090' status='broken' stop='1660579364090'>
            <name>And I click on link</name>
            <title>And I click on link</title>
            <labels>
                <label name='language' value='javascript'/>
                <label name='framework' value='wdio'/>
                <label name='thread' value='0-2'/>
            </labels>
            <parameters>
                <parameter kind='argument' name='browser' value='chrome-104.0.5112.79'/>
            </parameters>
            <steps/>
            <attachments/>
            <failure>
                <message>Step "I click on link" is not defined. You can ignore this error by setting cucumberOpts.ignoreUndefinedDefinitions as true.</message>
                <stack-trace>Step "I click on link" is not defined. You can ignore this error by setting cucumberOpts.ignoreUndefinedDefinitions as true.
                	at Feature(/Users/romantikkk/WebstormProjects/New-Vlad/features/mega.feature):1:1
                	at Scenario(Open link):3:7
                	at Step(I click on link):10:11
                </stack-trace>
            </failure>
        </test-case>
        <test-case start='1660579364090' status='broken' stop='1660579364090'>
            <name>And I successfully input searching dota</name>
            <title>And I successfully input searching dota</title>
            <labels>
                <label name='language' value='javascript'/>
                <label name='framework' value='wdio'/>
                <label name='thread' value='0-2'/>
            </labels>
            <parameters>
                <parameter kind='argument' name='browser' value='chrome-104.0.5112.79'/>
            </parameters>
            <steps/>
            <attachments/>
            <failure>
                <message>Step "I successfully input searching dota" is not defined. You can ignore this error by setting cucumberOpts.ignoreUndefinedDefinitions as true.</message>
                <stack-trace>Step "I successfully input searching dota" is not defined. You can ignore this error by setting cucumberOpts.ignoreUndefinedDefinitions as true.
                	at Feature(/Users/romantikkk/WebstormProjects/New-Vlad/features/mega.feature):1:1
                	at Scenario(Open link):3:7
                	at Step(I successfully input searching &lt;search>):11:11
                </stack-trace>
            </failure>
        </test-case>
        <test-case start='1660579364090' status='broken' stop='1660579364091'>
            <name>And I clear search</name>
            <title>And I clear search</title>
            <labels>
                <label name='language' value='javascript'/>
                <label name='framework' value='wdio'/>
                <label name='thread' value='0-2'/>
            </labels>
            <parameters>
                <parameter kind='argument' name='browser' value='chrome-104.0.5112.79'/>
            </parameters>
            <steps/>
            <attachments/>
            <failure>
                <message>Step "I clear search" is not defined. You can ignore this error by setting cucumberOpts.ignoreUndefinedDefinitions as true.</message>
                <stack-trace>Step "I clear search" is not defined. You can ignore this error by setting cucumberOpts.ignoreUndefinedDefinitions as true.
                	at Feature(/Users/romantikkk/WebstormProjects/New-Vlad/features/mega.feature):1:1
                	at Scenario(Open link):3:7
                	at Step(I clear search):12:11
                </stack-trace>
            </failure>
        </test-case>
        <test-case start='1660579364091' status='broken' stop='1660579364091'>
            <name>And I input new search Vlad and clear data</name>
            <title>And I input new search Vlad and clear data</title>
            <labels>
                <label name='language' value='javascript'/>
                <label name='framework' value='wdio'/>
                <label name='thread' value='0-2'/>
            </labels>
            <parameters>
                <parameter kind='argument' name='browser' value='chrome-104.0.5112.79'/>
            </parameters>
            <steps/>
            <attachments/>
            <failure>
                <message>Step "I input new search Vlad and clear data" is not defined. You can ignore this error by setting cucumberOpts.ignoreUndefinedDefinitions as true.</message>
                <stack-trace>Step "I input new search Vlad and clear data" is not defined. You can ignore this error by setting cucumberOpts.ignoreUndefinedDefinitions as true.
                	at Feature(/Users/romantikkk/WebstormProjects/New-Vlad/features/mega.feature):1:1
                	at Scenario(Open link):3:7
                	at Step(I input new search &lt;search1> and clear data):13:11
                </stack-trace>
            </failure>
        </test-case>
        <test-case start='1660579364091' status='passed' stop='1660579364092'>
            <name></name>
            <title></title>
            <labels>
                <label name='language' value='javascript'/>
                <label name='framework' value='wdio'/>
                <label name='thread' value='0-2'/>
            </labels>
            <parameters>
                <parameter kind='argument' name='browser' value='chrome-104.0.5112.79'/>
            </parameters>
            <steps/>
            <attachments/>
        </test-case>
    </test-cases>
</ns2:test-suite>