<?xml version='1.0'?>
<ns2:test-suite xmlns:ns2='urn:model.allure.qatools.yandex.ru' start='1660579364292' stop='1660579364310'>
    <name>Auto test page: Test auto form</name>
    <title>Auto test page: Test auto form</title>
    <test-cases>
        <test-case start='1660579364294' status='passed' stop='1660579364301'>
            <name></name>
            <title></title>
            <labels>
                <label name='language' value='javascript'/>
                <label name='framework' value='wdio'/>
                <label name='thread' value='0-4'/>
            </labels>
            <parameters>
                <parameter kind='argument' name='browser' value='chrome-104.0.5112.79'/>
            </parameters>
            <steps/>
            <attachments/>
        </test-case>
        <test-case start='1660579364301' status='broken' stop='1660579364303'>
            <name>Given I am on practice page "https://automationteststore.com/index.php?rt=account%2Fcreate"</name>
            <title>Given I am on practice page "https://automationteststore.com/index.php?rt=account%2Fcreate"</title>
            <labels>
                <label name='language' value='javascript'/>
                <label name='framework' value='wdio'/>
                <label name='thread' value='0-4'/>
            </labels>
            <parameters>
                <parameter kind='argument' name='browser' value='chrome-104.0.5112.79'/>
            </parameters>
            <steps/>
            <attachments/>
            <failure>
                <message>Step "I am on practice page "https://automationteststore.com/index.php?rt=account%2Fcreate"" is not defined. You can ignore this error by setting cucumberOpts.ignoreUndefinedDefinitions as true.</message>
                <stack-trace>Step "I am on practice page "https://automationteststore.com/index.php?rt=account%2Fcreate"" is not defined. You can ignore this error by setting cucumberOpts.ignoreUndefinedDefinitions as true.
                	at Feature(/Users/romantikkk/WebstormProjects/New-Vlad/features/register.feature):1:1
                	at Scenario(Test auto form):3:5
                	at Step(I am on practice page "https://automationteststore.com/index.php?rt=account%2Fcreate"):4:7
                </stack-trace>
            </failure>
        </test-case>
        <test-case start='1660579364303' status='broken' stop='1660579364304'>
            <name>Then I validate page header "CREATE ACCOUNT"</name>
            <title>Then I validate page header "CREATE ACCOUNT"</title>
            <labels>
                <label name='language' value='javascript'/>
                <label name='framework' value='wdio'/>
                <label name='thread' value='0-4'/>
            </labels>
            <parameters>
                <parameter kind='argument' name='browser' value='chrome-104.0.5112.79'/>
            </parameters>
            <steps/>
            <attachments/>
            <failure>
                <message>Step "I validate page header "CREATE ACCOUNT"" is not defined. You can ignore this error by setting cucumberOpts.ignoreUndefinedDefinitions as true.</message>
                <stack-trace>Step "I validate page header "CREATE ACCOUNT"" is not defined. You can ignore this error by setting cucumberOpts.ignoreUndefinedDefinitions as true.
                	at Feature(/Users/romantikkk/WebstormProjects/New-Vlad/features/register.feature):1:1
                	at Scenario(Test auto form):3:5
                	at Step(I validate page header "CREATE ACCOUNT"):5:7
                </stack-trace>
            </failure>
        </test-case>
        <test-case start='1660579364304' status='broken' stop='1660579364305'>
            <name>When I enter firstname Vlad1 lastname Karamushka1</name>
            <title>When I enter firstname Vlad1 lastname Karamushka1</title>
            <labels>
                <label name='language' value='javascript'/>
                <label name='framework' value='wdio'/>
                <label name='thread' value='0-4'/>
            </labels>
            <parameters>
                <parameter kind='argument' name='browser' value='chrome-104.0.5112.79'/>
            </parameters>
            <steps/>
            <attachments/>
            <failure>
                <message>Step "I enter firstname Vlad1 lastname Karamushka1" is not defined. You can ignore this error by setting cucumberOpts.ignoreUndefinedDefinitions as true.</message>
                <stack-trace>Step "I enter firstname Vlad1 lastname Karamushka1" is not defined. You can ignore this error by setting cucumberOpts.ignoreUndefinedDefinitions as true.
                	at Feature(/Users/romantikkk/WebstormProjects/New-Vlad/features/register.feature):1:1
                	at Scenario(Test auto form):3:5
                	at Step(I enter firstname &lt;fname> lastname &lt;lname>):6:7
                </stack-trace>
            </failure>
        </test-case>
        <test-case start='1660579364305' status='broken' stop='1660579364305'>
            <name>And I enter random email newnew1@gmail.com</name>
            <title>And I enter random email newnew1@gmail.com</title>
            <labels>
                <label name='language' value='javascript'/>
                <label name='framework' value='wdio'/>
                <label name='thread' value='0-4'/>
            </labels>
            <parameters>
                <parameter kind='argument' name='browser' value='chrome-104.0.5112.79'/>
            </parameters>
            <steps/>
            <attachments/>
            <failure>
                <message>Step "I enter random email newnew1@gmail.com" is not defined. You can ignore this error by setting cucumberOpts.ignoreUndefinedDefinitions as true.</message>
                <stack-trace>Step "I enter random email newnew1@gmail.com" is not defined. You can ignore this error by setting cucumberOpts.ignoreUndefinedDefinitions as true.
                	at Feature(/Users/romantikkk/WebstormProjects/New-Vlad/features/register.feature):1:1
                	at Scenario(Test auto form):3:5
                	at Step(I enter random email &lt;email>):7:7
                </stack-trace>
            </failure>
        </test-case>
        <test-case start='1660579364305' status='broken' stop='1660579364306'>
            <name>And I enter address1 Hm19 city Nikopol</name>
            <title>And I enter address1 Hm19 city Nikopol</title>
            <labels>
                <label name='language' value='javascript'/>
                <label name='framework' value='wdio'/>
                <label name='thread' value='0-4'/>
            </labels>
            <parameters>
                <parameter kind='argument' name='browser' value='chrome-104.0.5112.79'/>
            </parameters>
            <steps/>
            <attachments/>
            <failure>
                <message>Step "I enter address1 Hm19 city Nikopol" is not defined. You can ignore this error by setting cucumberOpts.ignoreUndefinedDefinitions as true.</message>
                <stack-trace>Step "I enter address1 Hm19 city Nikopol" is not defined. You can ignore this error by setting cucumberOpts.ignoreUndefinedDefinitions as true.
                	at Feature(/Users/romantikkk/WebstormProjects/New-Vlad/features/register.feature):1:1
                	at Scenario(Test auto form):3:5
                	at Step(I enter address1 &lt;address> city &lt;city>):8:7
                </stack-trace>
            </failure>
        </test-case>
        <test-case start='1660579364306' status='broken' stop='1660579364306'>
            <name>And I select country Ukraine</name>
            <title>And I select country Ukraine</title>
            <labels>
                <label name='language' value='javascript'/>
                <label name='framework' value='wdio'/>
                <label name='thread' value='0-4'/>
            </labels>
            <parameters>
                <parameter kind='argument' name='browser' value='chrome-104.0.5112.79'/>
            </parameters>
            <steps/>
            <attachments/>
            <failure>
                <message>Step "I select country Ukraine" is not defined. You can ignore this error by setting cucumberOpts.ignoreUndefinedDefinitions as true.</message>
                <stack-trace>Step "I select country Ukraine" is not defined. You can ignore this error by setting cucumberOpts.ignoreUndefinedDefinitions as true.
                	at Feature(/Users/romantikkk/WebstormProjects/New-Vlad/features/register.feature):1:1
                	at Scenario(Test auto form):3:5
                	at Step(I select country &lt;country>):9:7
                </stack-trace>
            </failure>
        </test-case>
        <test-case start='1660579364306' status='broken' stop='1660579364306'>
            <name>And I select region Kyiv</name>
            <title>And I select region Kyiv</title>
            <labels>
                <label name='language' value='javascript'/>
                <label name='framework' value='wdio'/>
                <label name='thread' value='0-4'/>
            </labels>
            <parameters>
                <parameter kind='argument' name='browser' value='chrome-104.0.5112.79'/>
            </parameters>
            <steps/>
            <attachments/>
            <failure>
                <message>Step "I select region Kyiv" is not defined. You can ignore this error by setting cucumberOpts.ignoreUndefinedDefinitions as true.</message>
                <stack-trace>Step "I select region Kyiv" is not defined. You can ignore this error by setting cucumberOpts.ignoreUndefinedDefinitions as true.
                	at Feature(/Users/romantikkk/WebstormProjects/New-Vlad/features/register.feature):1:1
                	at Scenario(Test auto form):3:5
                	at Step(I select region &lt;states>):10:7
                </stack-trace>
            </failure>
        </test-case>
        <test-case start='1660579364306' status='broken' stop='1660579364307'>
            <name>And I enter zipcode 53204</name>
            <title>And I enter zipcode 53204</title>
            <labels>
                <label name='language' value='javascript'/>
                <label name='framework' value='wdio'/>
                <label name='thread' value='0-4'/>
            </labels>
            <parameters>
                <parameter kind='argument' name='browser' value='chrome-104.0.5112.79'/>
            </parameters>
            <steps/>
            <attachments/>
            <failure>
                <message>Step "I enter zipcode 53204" is not defined. You can ignore this error by setting cucumberOpts.ignoreUndefinedDefinitions as true.</message>
                <stack-trace>Step "I enter zipcode 53204" is not defined. You can ignore this error by setting cucumberOpts.ignoreUndefinedDefinitions as true.
                	at Feature(/Users/romantikkk/WebstormProjects/New-Vlad/features/register.feature):1:1
                	at Scenario(Test auto form):3:5
                	at Step(I enter zipcode &lt;zipcode>):11:7
                </stack-trace>
            </failure>
        </test-case>
        <test-case start='1660579364307' status='broken' stop='1660579364307'>
            <name>And I enter login vladosss password Aaaaaaaa12 passwordrepeat Aaaaaaaa12</name>
            <title>And I enter login vladosss password Aaaaaaaa12 passwordrepeat Aaaaaaaa12</title>
            <labels>
                <label name='language' value='javascript'/>
                <label name='framework' value='wdio'/>
                <label name='thread' value='0-4'/>
            </labels>
            <parameters>
                <parameter kind='argument' name='browser' value='chrome-104.0.5112.79'/>
            </parameters>
            <steps/>
            <attachments/>
            <failure>
                <message>Step "I enter login vladosss password Aaaaaaaa12 passwordrepeat Aaaaaaaa12" is not defined. You can ignore this error by setting cucumberOpts.ignoreUndefinedDefinitions as true.</message>
                <stack-trace>Step "I enter login vladosss password Aaaaaaaa12 passwordrepeat Aaaaaaaa12" is not defined. You can ignore this error by setting cucumberOpts.ignoreUndefinedDefinitions as true.
                	at Feature(/Users/romantikkk/WebstormProjects/New-Vlad/features/register.feature):1:1
                	at Scenario(Test auto form):3:5
                	at Step(I enter login &lt;login> password &lt;pass> passwordrepeat &lt;pass1>):12:7
                </stack-trace>
            </failure>
        </test-case>
        <test-case start='1660579364307' status='broken' stop='1660579364307'>
            <name>And I click policy &lt;policy></name>
            <title>And I click policy &lt;policy></title>
            <labels>
                <label name='language' value='javascript'/>
                <label name='framework' value='wdio'/>
                <label name='thread' value='0-4'/>
            </labels>
            <parameters>
                <parameter kind='argument' name='browser' value='chrome-104.0.5112.79'/>
            </parameters>
            <steps/>
            <attachments/>
            <failure>
                <message>Step "I click policy &lt;policy>" is not defined. You can ignore this error by setting cucumberOpts.ignoreUndefinedDefinitions as true.</message>
                <stack-trace>Step "I click policy &lt;policy>" is not defined. You can ignore this error by setting cucumberOpts.ignoreUndefinedDefinitions as true.
                	at Feature(/Users/romantikkk/WebstormProjects/New-Vlad/features/register.feature):1:1
                	at Scenario(Test auto form):3:5
                	at Step(I click policy &lt;policy>):13:7
                </stack-trace>
            </failure>
        </test-case>
        <test-case start='1660579364307' status='pending' stop='1660579364308'>
            <name>And I click on submit button</name>
            <title>And I click on submit button</title>
            <labels>
                <label name='language' value='javascript'/>
                <label name='framework' value='wdio'/>
                <label name='thread' value='0-4'/>
            </labels>
            <parameters>
                <parameter kind='argument' name='browser' value='chrome-104.0.5112.79'/>
            </parameters>
            <steps/>
            <attachments/>
        </test-case>
        <test-case start='1660579364308' status='broken' stop='1660579364308'>
            <name>Then I validate page header "Your Account Has Been Created!"</name>
            <title>Then I validate page header "Your Account Has Been Created!"</title>
            <labels>
                <label name='language' value='javascript'/>
                <label name='framework' value='wdio'/>
                <label name='thread' value='0-4'/>
            </labels>
            <parameters>
                <parameter kind='argument' name='browser' value='chrome-104.0.5112.79'/>
            </parameters>
            <steps/>
            <attachments/>
            <failure>
                <message>Step "I validate page header "Your Account Has Been Created!"" is not defined. You can ignore this error by setting cucumberOpts.ignoreUndefinedDefinitions as true.</message>
                <stack-trace>Step "I validate page header "Your Account Has Been Created!"" is not defined. You can ignore this error by setting cucumberOpts.ignoreUndefinedDefinitions as true.
                	at Feature(/Users/romantikkk/WebstormProjects/New-Vlad/features/register.feature):1:1
                	at Scenario(Test auto form):3:5
                	at Step(I validate page header "Your Account Has Been Created!"):15:7
                </stack-trace>
            </failure>
        </test-case>
        <test-case start='1660579364308' status='passed' stop='1660579364309'>
            <name></name>
            <title></title>
            <labels>
                <label name='language' value='javascript'/>
                <label name='framework' value='wdio'/>
                <label name='thread' value='0-4'/>
            </labels>
            <parameters>
                <parameter kind='argument' name='browser' value='chrome-104.0.5112.79'/>
            </parameters>
            <steps/>
            <attachments/>
        </test-case>
    </test-cases>
</ns2:test-suite>