<?xml version='1.0'?>
<ns2:test-suite xmlns:ns2='urn:model.allure.qatools.yandex.ru' start='1661426927916' stop='1661426927920'>
    <name>Login page, Admin: Adding a lead</name>
    <title>Login page, Admin: Adding a lead</title>
    <test-cases>
        <test-case start='1661426927917' status='passed' stop='1661426927917'>
            <name></name>
            <title></title>
            <labels>
                <label name='language' value='javascript'/>
                <label name='framework' value='wdio'/>
                <label name='thread' value='0-0'/>
            </labels>
            <parameters>
                <parameter kind='argument' name='browser' value='chrome-104.0.5112.101'/>
            </parameters>
            <steps/>
            <attachments/>
        </test-case>
        <test-case start='1661426927917' status='broken' stop='1661426927918'>
            <name>Given I'm on thee page</name>
            <title>Given I'm on thee page</title>
            <labels>
                <label name='language' value='javascript'/>
                <label name='framework' value='wdio'/>
                <label name='thread' value='0-0'/>
            </labels>
            <parameters>
                <parameter kind='argument' name='browser' value='chrome-104.0.5112.101'/>
            </parameters>
            <steps/>
            <attachments/>
            <failure>
                <message>function has 0 arguments, should have 1 (if synchronous or returning a promise) or 2 (if accepting a callback)</message>
                <stack-trace>function has 0 arguments, should have 1 (if synchronous or returning a promise) or 2 (if accepting a callback)</stack-trace>
            </failure>
        </test-case>
        <test-case start='1661426927918' status='pending' stop='1661426927918'>
            <name>When I login with valid creds</name>
            <title>When I login with valid creds</title>
            <labels>
                <label name='language' value='javascript'/>
                <label name='framework' value='wdio'/>
                <label name='thread' value='0-0'/>
            </labels>
            <parameters>
                <parameter kind='argument' name='browser' value='chrome-104.0.5112.101'/>
            </parameters>
            <steps/>
            <attachments/>
        </test-case>
        <test-case start='1661426927919' status='broken' stop='1661426927919'>
            <name>And I navigate to Leads page</name>
            <title>And I navigate to Leads page</title>
            <labels>
                <label name='language' value='javascript'/>
                <label name='framework' value='wdio'/>
                <label name='thread' value='0-0'/>
            </labels>
            <parameters>
                <parameter kind='argument' name='browser' value='chrome-104.0.5112.101'/>
            </parameters>
            <steps/>
            <attachments/>
            <failure>
                <message>Step "I navigate to Leads page" is not defined. You can ignore this error by setting cucumberOpts.ignoreUndefinedDefinitions as true.</message>
                <stack-trace>Step "I navigate to Leads page" is not defined. You can ignore this error by setting cucumberOpts.ignoreUndefinedDefinitions as true.
                	at Feature(/Users/romantikkk/WebstormProjects/New-Vlad/features/adminlogin.feature):1:1
                	at Scenario(Adding a lead):8:5
                	at Step(I navigate to Leads page):11:5
                </stack-trace>
            </failure>
        </test-case>
        <test-case start='1661426927919' status='broken' stop='1661426927919'>
            <name>And I add a lead</name>
            <title>And I add a lead</title>
            <labels>
                <label name='language' value='javascript'/>
                <label name='framework' value='wdio'/>
                <label name='thread' value='0-0'/>
            </labels>
            <parameters>
                <parameter kind='argument' name='browser' value='chrome-104.0.5112.101'/>
            </parameters>
            <steps/>
            <attachments/>
            <failure>
                <message>Step "I add a lead" is not defined. You can ignore this error by setting cucumberOpts.ignoreUndefinedDefinitions as true.</message>
                <stack-trace>Step "I add a lead" is not defined. You can ignore this error by setting cucumberOpts.ignoreUndefinedDefinitions as true.
                	at Feature(/Users/romantikkk/WebstormProjects/New-Vlad/features/adminlogin.feature):1:1
                	at Scenario(Adding a lead):8:5
                	at Step(I add a lead):12:5
                </stack-trace>
            </failure>
        </test-case>
        <test-case start='1661426927920' status='pending' stop='1661426927920'>
            <name>Then I will see modal with systemmessage &lt;message></name>
            <title>Then I will see modal with systemmessage &lt;message></title>
            <labels>
                <label name='language' value='javascript'/>
                <label name='framework' value='wdio'/>
                <label name='thread' value='0-0'/>
            </labels>
            <parameters>
                <parameter kind='argument' name='browser' value='chrome-104.0.5112.101'/>
            </parameters>
            <steps/>
            <attachments/>
        </test-case>
        <test-case start='1661426927920' status='passed' stop='1661426927920'>
            <name></name>
            <title></title>
            <labels>
                <label name='language' value='javascript'/>
                <label name='framework' value='wdio'/>
                <label name='thread' value='0-0'/>
            </labels>
            <parameters>
                <parameter kind='argument' name='browser' value='chrome-104.0.5112.101'/>
            </parameters>
            <steps/>
            <attachments/>
        </test-case>
    </test-cases>
</ns2:test-suite>