<?xml version='1.0'?>
<ns2:test-suite xmlns:ns2='urn:model.allure.qatools.yandex.ru' start='1660990231405' stop='1660990234933'>
    <name>Leads page: Adding a lead</name>
    <title>Leads page: Adding a lead</title>
    <test-cases>
        <test-case start='1660990231405' status='passed' stop='1660990231407'>
            <name></name>
            <title></title>
            <labels>
                <label name='language' value='javascript'/>
                <label name='framework' value='wdio'/>
                <label name='thread' value='0-0'/>
            </labels>
            <parameters>
                <parameter kind='argument' name='browser' value='chrome-104.0.5112.101'/>
            </parameters>
            <steps/>
            <attachments/>
        </test-case>
        <test-case start='1660990231407' status='passed' stop='1660990234927'>
            <name>Given I'm on thee page https://auth-client-stage.dev.propify.com/login?returnTo=L3Byb3NwZWN0cy9sZWFkcw%3D%3D&amp;callbackUrl=https%3A%2F%2Fadmin-client-stage.dev.propify.com%2Fauth%2Fcallback</name>
            <title>Given I'm on thee page https://auth-client-stage.dev.propify.com/login?returnTo=L3Byb3NwZWN0cy9sZWFkcw%3D%3D&amp;callbackUrl=https%3A%2F%2Fadmin-client-stage.dev.propify.com%2Fauth%2Fcallback</title>
            <labels>
                <label name='language' value='javascript'/>
                <label name='framework' value='wdio'/>
                <label name='thread' value='0-0'/>
            </labels>
            <parameters>
                <parameter kind='argument' name='browser' value='chrome-104.0.5112.101'/>
            </parameters>
            <steps>
                <step start='1660990231409' status='passed' stop='1660990232762'>
                    <name>POST /session/:sessionId/url</name>
                    <title>POST /session/:sessionId/url</title>
                    <attachments>
                        <attachment title='Request' source='17ac63fe-fbdd-4651-b32a-805015c02884-attachment.json' type='application/json' size='179'/>
                    </attachments>
                    <steps/>
                </step>
                <step start='1660990232762' status='passed' stop='1660990232922'>
                    <name>POST /session/:sessionId/window/maximize</name>
                    <title>POST /session/:sessionId/window/maximize</title>
                    <attachments>
                        <attachment title='Response' source='34053296-9f27-44e3-81bc-4f1e6b858b15-attachment.json' type='application/json' size='57'/>
                    </attachments>
                    <steps/>
                </step>
            </steps>
            <attachments/>
        </test-case>
        <test-case start='1660990234927' status='broken' stop='1660990234928'>
            <name>When I input email vkaramushka@propify.com</name>
            <title>When I input email vkaramushka@propify.com</title>
            <labels>
                <label name='language' value='javascript'/>
                <label name='framework' value='wdio'/>
                <label name='thread' value='0-0'/>
            </labels>
            <parameters>
                <parameter kind='argument' name='browser' value='chrome-104.0.5112.101'/>
            </parameters>
            <steps/>
            <attachments/>
            <failure>
                <message>Step "I input email vkaramushka@propify.com" is not defined. You can ignore this error by setting cucumberOpts.ignoreUndefinedDefinitions as true.</message>
                <stack-trace>Step "I input email vkaramushka@propify.com" is not defined. You can ignore this error by setting cucumberOpts.ignoreUndefinedDefinitions as true.
                	at Feature(/Users/romantikkk/WebstormProjects/New-Vlad/features/addlead.feature):1:1
                	at Scenario(Adding a lead):3:5
                	at Step(I input email &lt;email>):5:5
                </stack-trace>
            </failure>
        </test-case>
        <test-case start='1660990234928' status='broken' stop='1660990234929'>
            <name>And I input password Aaaaaaaa1234</name>
            <title>And I input password Aaaaaaaa1234</title>
            <labels>
                <label name='language' value='javascript'/>
                <label name='framework' value='wdio'/>
                <label name='thread' value='0-0'/>
            </labels>
            <parameters>
                <parameter kind='argument' name='browser' value='chrome-104.0.5112.101'/>
            </parameters>
            <steps/>
            <attachments/>
            <failure>
                <message>Step "I input password Aaaaaaaa1234" is not defined. You can ignore this error by setting cucumberOpts.ignoreUndefinedDefinitions as true.</message>
                <stack-trace>Step "I input password Aaaaaaaa1234" is not defined. You can ignore this error by setting cucumberOpts.ignoreUndefinedDefinitions as true.
                	at Feature(/Users/romantikkk/WebstormProjects/New-Vlad/features/addlead.feature):1:1
                	at Scenario(Adding a lead):3:5
                	at Step(I input password &lt;password>):6:5
                </stack-trace>
            </failure>
        </test-case>
        <test-case start='1660990234929' status='pending' stop='1660990234929'>
            <name>And Click login button</name>
            <title>And Click login button</title>
            <labels>
                <label name='language' value='javascript'/>
                <label name='framework' value='wdio'/>
                <label name='thread' value='0-0'/>
            </labels>
            <parameters>
                <parameter kind='argument' name='browser' value='chrome-104.0.5112.101'/>
            </parameters>
            <steps/>
            <attachments/>
        </test-case>
        <test-case start='1660990234929' status='pending' stop='1660990234930'>
            <name>And I click Leasing page</name>
            <title>And I click Leasing page</title>
            <labels>
                <label name='language' value='javascript'/>
                <label name='framework' value='wdio'/>
                <label name='thread' value='0-0'/>
            </labels>
            <parameters>
                <parameter kind='argument' name='browser' value='chrome-104.0.5112.101'/>
            </parameters>
            <steps/>
            <attachments/>
        </test-case>
        <test-case start='1660990234930' status='pending' stop='1660990234930'>
            <name>And I click View Leads</name>
            <title>And I click View Leads</title>
            <labels>
                <label name='language' value='javascript'/>
                <label name='framework' value='wdio'/>
                <label name='thread' value='0-0'/>
            </labels>
            <parameters>
                <parameter kind='argument' name='browser' value='chrome-104.0.5112.101'/>
            </parameters>
            <steps/>
            <attachments/>
        </test-case>
        <test-case start='1660990234930' status='pending' stop='1660990234930'>
            <name>And I click Add Lead button</name>
            <title>And I click Add Lead button</title>
            <labels>
                <label name='language' value='javascript'/>
                <label name='framework' value='wdio'/>
                <label name='thread' value='0-0'/>
            </labels>
            <parameters>
                <parameter kind='argument' name='browser' value='chrome-104.0.5112.101'/>
            </parameters>
            <steps/>
            <attachments/>
        </test-case>
        <test-case start='1660990234930' status='pending' stop='1660990234931'>
            <name>Then I will see Leads modal</name>
            <title>Then I will see Leads modal</title>
            <labels>
                <label name='language' value='javascript'/>
                <label name='framework' value='wdio'/>
                <label name='thread' value='0-0'/>
            </labels>
            <parameters>
                <parameter kind='argument' name='browser' value='chrome-104.0.5112.101'/>
            </parameters>
            <steps/>
            <attachments/>
        </test-case>
        <test-case start='1660990234931' status='passed' stop='1660990234932'>
            <name></name>
            <title></title>
            <labels>
                <label name='language' value='javascript'/>
                <label name='framework' value='wdio'/>
                <label name='thread' value='0-0'/>
            </labels>
            <parameters>
                <parameter kind='argument' name='browser' value='chrome-104.0.5112.101'/>
            </parameters>
            <steps/>
            <attachments/>
        </test-case>
    </test-cases>
</ns2:test-suite>