<?xml version='1.0'?>
<ns2:test-suite xmlns:ns2='urn:model.allure.qatools.yandex.ru' start='1658938093353' stop='1658938094465'>
    <name>Main page: Search category</name>
    <title>Main page: Search category</title>
    <test-cases>
        <test-case start='1658938093354' status='passed' stop='1658938093359'>
            <name></name>
            <title></title>
            <labels>
                <label name='language' value='javascript'/>
                <label name='framework' value='wdio'/>
                <label name='thread' value='0-0'/>
            </labels>
            <parameters>
                <parameter kind='argument' name='browser' value='chrome-103.0.5060.134'/>
            </parameters>
            <steps/>
            <attachments/>
        </test-case>
        <test-case start='1658938093360' status='passed' stop='1658938094463'>
            <name>Given I am on practice page "https://automationteststore.com"</name>
            <title>Given I am on practice page "https://automationteststore.com"</title>
            <labels>
                <label name='language' value='javascript'/>
                <label name='framework' value='wdio'/>
                <label name='thread' value='0-0'/>
            </labels>
            <parameters>
                <parameter kind='argument' name='browser' value='chrome-103.0.5060.134'/>
            </parameters>
            <steps>
                <step start='1658938093363' status='passed' stop='1658938094319'>
                    <name>POST /session/:sessionId/url</name>
                    <title>POST /session/:sessionId/url</title>
                    <attachments>
                        <attachment title='Request' source='0fb0a258-4353-46ae-a1d3-aa3fd2a6add1-attachment.json' type='application/json' size='47'/>
                    </attachments>
                    <steps/>
                </step>
                <step start='1658938094319' status='passed' stop='1658938094462'>
                    <name>POST /session/:sessionId/window/maximize</name>
                    <title>POST /session/:sessionId/window/maximize</title>
                    <attachments>
                        <attachment title='Response' source='a9a16009-5980-424f-aa52-ad58de055e6b-attachment.json' type='application/json' size='57'/>
                    </attachments>
                    <steps/>
                </step>
            </steps>
            <attachments/>
        </test-case>
        <test-case start='1658938094463' status='broken' stop='1658938094463'>
            <name>When I enter search shoes</name>
            <title>When I enter search shoes</title>
            <labels>
                <label name='language' value='javascript'/>
                <label name='framework' value='wdio'/>
                <label name='thread' value='0-0'/>
            </labels>
            <parameters>
                <parameter kind='argument' name='browser' value='chrome-103.0.5060.134'/>
            </parameters>
            <steps/>
            <attachments/>
            <failure>
                <message>Step "I enter search shoes" is not defined. You can ignore this error by setting cucumberOpts.ignoreUndefinedDefinitions as true.</message>
                <stack-trace>Step "I enter search shoes" is not defined. You can ignore this error by setting cucumberOpts.ignoreUndefinedDefinitions as true.
                	at Feature(/Users/romantikkk/WebstormProjects/New-Vlad/features/search.feature):1:1
                	at Scenario(Search category):3:3
                	at Step(I enter search &lt;search>):5:5
                </stack-trace>
            </failure>
        </test-case>
        <test-case start='1658938094463' status='broken' stop='1658938094463'>
            <name>And I click on search button</name>
            <title>And I click on search button</title>
            <labels>
                <label name='language' value='javascript'/>
                <label name='framework' value='wdio'/>
                <label name='thread' value='0-0'/>
            </labels>
            <parameters>
                <parameter kind='argument' name='browser' value='chrome-103.0.5060.134'/>
            </parameters>
            <steps/>
            <attachments/>
            <failure>
                <message>Step "I click on search button" is not defined. You can ignore this error by setting cucumberOpts.ignoreUndefinedDefinitions as true.</message>
                <stack-trace>Step "I click on search button" is not defined. You can ignore this error by setting cucumberOpts.ignoreUndefinedDefinitions as true.
                	at Feature(/Users/romantikkk/WebstormProjects/New-Vlad/features/search.feature):1:1
                	at Scenario(Search category):3:3
                	at Step(I click on search button):6:5
                </stack-trace>
            </failure>
        </test-case>
        <test-case start='1658938094464' status='pending' stop='1658938094464'>
            <name>Then I validate page header "Your Account Has Been Created!"</name>
            <title>Then I validate page header "Your Account Has Been Created!"</title>
            <labels>
                <label name='language' value='javascript'/>
                <label name='framework' value='wdio'/>
                <label name='thread' value='0-0'/>
            </labels>
            <parameters>
                <parameter kind='argument' name='browser' value='chrome-103.0.5060.134'/>
            </parameters>
            <steps/>
            <attachments/>
        </test-case>
        <test-case start='1658938094464' status='passed' stop='1658938094464'>
            <name></name>
            <title></title>
            <labels>
                <label name='language' value='javascript'/>
                <label name='framework' value='wdio'/>
                <label name='thread' value='0-0'/>
            </labels>
            <parameters>
                <parameter kind='argument' name='browser' value='chrome-103.0.5060.134'/>
            </parameters>
            <steps/>
            <attachments/>
        </test-case>
    </test-cases>
</ns2:test-suite>