<?xml version='1.0'?>
<ns2:test-suite xmlns:ns2='urn:model.allure.qatools.yandex.ru' start='1658937333537' stop='1658937334654'>
    <name>Main page: Search category</name>
    <title>Main page: Search category</title>
    <test-cases>
        <test-case start='1658937333538' status='passed' stop='1658937333540'>
            <name></name>
            <title></title>
            <labels>
                <label name='language' value='javascript'/>
                <label name='framework' value='wdio'/>
                <label name='thread' value='0-0'/>
            </labels>
            <parameters>
                <parameter kind='argument' name='browser' value='chrome-103.0.5060.134'/>
            </parameters>
            <steps/>
            <attachments/>
        </test-case>
        <test-case start='1658937333540' status='passed' stop='1658937334651'>
            <name>Given I am on practice page "https://automationteststore.com"</name>
            <title>Given I am on practice page "https://automationteststore.com"</title>
            <labels>
                <label name='language' value='javascript'/>
                <label name='framework' value='wdio'/>
                <label name='thread' value='0-0'/>
            </labels>
            <parameters>
                <parameter kind='argument' name='browser' value='chrome-103.0.5060.134'/>
            </parameters>
            <steps>
                <step start='1658937333542' status='passed' stop='1658937334484'>
                    <name>POST /session/:sessionId/url</name>
                    <title>POST /session/:sessionId/url</title>
                    <attachments>
                        <attachment title='Request' source='79c9e0a8-61b1-49c2-a44a-12c8a751b4cd-attachment.json' type='application/json' size='47'/>
                    </attachments>
                    <steps/>
                </step>
                <step start='1658937334484' status='passed' stop='1658937334650'>
                    <name>POST /session/:sessionId/window/maximize</name>
                    <title>POST /session/:sessionId/window/maximize</title>
                    <attachments>
                        <attachment title='Response' source='9ea6f569-48af-45e3-ba7a-2d3cc2812be3-attachment.json' type='application/json' size='57'/>
                    </attachments>
                    <steps/>
                </step>
            </steps>
            <attachments/>
        </test-case>
        <test-case start='1658937334651' status='broken' stop='1658937334652'>
            <name>When I click on search</name>
            <title>When I click on search</title>
            <labels>
                <label name='language' value='javascript'/>
                <label name='framework' value='wdio'/>
                <label name='thread' value='0-0'/>
            </labels>
            <parameters>
                <parameter kind='argument' name='browser' value='chrome-103.0.5060.134'/>
            </parameters>
            <steps/>
            <attachments/>
            <failure>
                <message>Step "I click on search" is not defined. You can ignore this error by setting cucumberOpts.ignoreUndefinedDefinitions as true.</message>
                <stack-trace>Step "I click on search" is not defined. You can ignore this error by setting cucumberOpts.ignoreUndefinedDefinitions as true.
                	at Feature(/Users/romantikkk/WebstormProjects/New-Vlad/features/search.feature):1:1
                	at Scenario(Search category):3:3
                	at Step(I click on search):5:5
                </stack-trace>
            </failure>
        </test-case>
        <test-case start='1658937334652' status='broken' stop='1658937334652'>
            <name>And I enter search shoes</name>
            <title>And I enter search shoes</title>
            <labels>
                <label name='language' value='javascript'/>
                <label name='framework' value='wdio'/>
                <label name='thread' value='0-0'/>
            </labels>
            <parameters>
                <parameter kind='argument' name='browser' value='chrome-103.0.5060.134'/>
            </parameters>
            <steps/>
            <attachments/>
            <failure>
                <message>Step "I enter search shoes" is not defined. You can ignore this error by setting cucumberOpts.ignoreUndefinedDefinitions as true.</message>
                <stack-trace>Step "I enter search shoes" is not defined. You can ignore this error by setting cucumberOpts.ignoreUndefinedDefinitions as true.
                	at Feature(/Users/romantikkk/WebstormProjects/New-Vlad/features/search.feature):1:1
                	at Scenario(Search category):3:3
                	at Step(I enter search &lt;search>):6:5
                </stack-trace>
            </failure>
        </test-case>
        <test-case start='1658937334653' status='broken' stop='1658937334653'>
            <name>And I click on search button</name>
            <title>And I click on search button</title>
            <labels>
                <label name='language' value='javascript'/>
                <label name='framework' value='wdio'/>
                <label name='thread' value='0-0'/>
            </labels>
            <parameters>
                <parameter kind='argument' name='browser' value='chrome-103.0.5060.134'/>
            </parameters>
            <steps/>
            <attachments/>
            <failure>
                <message>Step "I click on search button" is not defined. You can ignore this error by setting cucumberOpts.ignoreUndefinedDefinitions as true.</message>
                <stack-trace>Step "I click on search button" is not defined. You can ignore this error by setting cucumberOpts.ignoreUndefinedDefinitions as true.
                	at Feature(/Users/romantikkk/WebstormProjects/New-Vlad/features/search.feature):1:1
                	at Scenario(Search category):3:3
                	at Step(I click on search button):7:5
                </stack-trace>
            </failure>
        </test-case>
        <test-case start='1658937334653' status='pending' stop='1658937334653'>
            <name>Then I validate page header "Your Account Has Been Created!"</name>
            <title>Then I validate page header "Your Account Has Been Created!"</title>
            <labels>
                <label name='language' value='javascript'/>
                <label name='framework' value='wdio'/>
                <label name='thread' value='0-0'/>
            </labels>
            <parameters>
                <parameter kind='argument' name='browser' value='chrome-103.0.5060.134'/>
            </parameters>
            <steps/>
            <attachments/>
        </test-case>
        <test-case start='1658937334653' status='passed' stop='1658937334654'>
            <name></name>
            <title></title>
            <labels>
                <label name='language' value='javascript'/>
                <label name='framework' value='wdio'/>
                <label name='thread' value='0-0'/>
            </labels>
            <parameters>
                <parameter kind='argument' name='browser' value='chrome-103.0.5060.134'/>
            </parameters>
            <steps/>
            <attachments/>
        </test-case>
    </test-cases>
</ns2:test-suite>