<?xml version='1.0'?>
<ns2:test-suite xmlns:ns2='urn:model.allure.qatools.yandex.ru' start='1660990469470' stop='1660990473351'>
    <name>Leads page: Adding a lead</name>
    <title>Leads page: Adding a lead</title>
    <test-cases>
        <test-case start='1660990469470' status='passed' stop='1660990469472'>
            <name></name>
            <title></title>
            <labels>
                <label name='language' value='javascript'/>
                <label name='framework' value='wdio'/>
                <label name='thread' value='0-0'/>
            </labels>
            <parameters>
                <parameter kind='argument' name='browser' value='chrome-104.0.5112.101'/>
            </parameters>
            <steps/>
            <attachments/>
        </test-case>
        <test-case start='1660990469473' status='passed' stop='1660990473346'>
            <name>Given I'm on thee page https://auth-client-stage.dev.propify.com/login?returnTo=L3Byb3NwZWN0cy9sZWFkcw%3D%3D&amp;callbackUrl=https%3A%2F%2Fadmin-client-stage.dev.propify.com%2Fauth%2Fcallback</name>
            <title>Given I'm on thee page https://auth-client-stage.dev.propify.com/login?returnTo=L3Byb3NwZWN0cy9sZWFkcw%3D%3D&amp;callbackUrl=https%3A%2F%2Fadmin-client-stage.dev.propify.com%2Fauth%2Fcallback</title>
            <labels>
                <label name='language' value='javascript'/>
                <label name='framework' value='wdio'/>
                <label name='thread' value='0-0'/>
            </labels>
            <parameters>
                <parameter kind='argument' name='browser' value='chrome-104.0.5112.101'/>
            </parameters>
            <steps>
                <step start='1660990469475' status='passed' stop='1660990471177'>
                    <name>POST /session/:sessionId/url</name>
                    <title>POST /session/:sessionId/url</title>
                    <attachments>
                        <attachment title='Request' source='d645beef-7856-4ba8-a5a5-3741070bccd0-attachment.json' type='application/json' size='179'/>
                    </attachments>
                    <steps/>
                </step>
                <step start='1660990471177' status='passed' stop='1660990471341'>
                    <name>POST /session/:sessionId/window/maximize</name>
                    <title>POST /session/:sessionId/window/maximize</title>
                    <attachments>
                        <attachment title='Response' source='d40ffd46-e438-460b-b57d-4bcce94916f7-attachment.json' type='application/json' size='57'/>
                    </attachments>
                    <steps/>
                </step>
            </steps>
            <attachments/>
        </test-case>
        <test-case start='1660990473346' status='broken' stop='1660990473347'>
            <name>When I input emailvkaramushka@propify.com</name>
            <title>When I input emailvkaramushka@propify.com</title>
            <labels>
                <label name='language' value='javascript'/>
                <label name='framework' value='wdio'/>
                <label name='thread' value='0-0'/>
            </labels>
            <parameters>
                <parameter kind='argument' name='browser' value='chrome-104.0.5112.101'/>
            </parameters>
            <steps/>
            <attachments/>
            <failure>
                <message>Step "I input emailvkaramushka@propify.com" is not defined. You can ignore this error by setting cucumberOpts.ignoreUndefinedDefinitions as true.</message>
                <stack-trace>Step "I input emailvkaramushka@propify.com" is not defined. You can ignore this error by setting cucumberOpts.ignoreUndefinedDefinitions as true.
                	at Feature(/Users/romantikkk/WebstormProjects/New-Vlad/features/addlead.feature):1:1
                	at Scenario(Adding a lead):3:5
                	at Step(I input email&lt;email1>):5:5
                </stack-trace>
            </failure>
        </test-case>
        <test-case start='1660990473347' status='broken' stop='1660990473347'>
            <name>And I input passwordAaaaaaaa1234</name>
            <title>And I input passwordAaaaaaaa1234</title>
            <labels>
                <label name='language' value='javascript'/>
                <label name='framework' value='wdio'/>
                <label name='thread' value='0-0'/>
            </labels>
            <parameters>
                <parameter kind='argument' name='browser' value='chrome-104.0.5112.101'/>
            </parameters>
            <steps/>
            <attachments/>
            <failure>
                <message>Step "I input passwordAaaaaaaa1234" is not defined. You can ignore this error by setting cucumberOpts.ignoreUndefinedDefinitions as true.</message>
                <stack-trace>Step "I input passwordAaaaaaaa1234" is not defined. You can ignore this error by setting cucumberOpts.ignoreUndefinedDefinitions as true.
                	at Feature(/Users/romantikkk/WebstormProjects/New-Vlad/features/addlead.feature):1:1
                	at Scenario(Adding a lead):3:5
                	at Step(I input password&lt;password1>):6:5
                </stack-trace>
            </failure>
        </test-case>
        <test-case start='1660990473347' status='pending' stop='1660990473348'>
            <name>And Click login button</name>
            <title>And Click login button</title>
            <labels>
                <label name='language' value='javascript'/>
                <label name='framework' value='wdio'/>
                <label name='thread' value='0-0'/>
            </labels>
            <parameters>
                <parameter kind='argument' name='browser' value='chrome-104.0.5112.101'/>
            </parameters>
            <steps/>
            <attachments/>
        </test-case>
        <test-case start='1660990473348' status='pending' stop='1660990473348'>
            <name>And I click Leasing page</name>
            <title>And I click Leasing page</title>
            <labels>
                <label name='language' value='javascript'/>
                <label name='framework' value='wdio'/>
                <label name='thread' value='0-0'/>
            </labels>
            <parameters>
                <parameter kind='argument' name='browser' value='chrome-104.0.5112.101'/>
            </parameters>
            <steps/>
            <attachments/>
        </test-case>
        <test-case start='1660990473348' status='pending' stop='1660990473349'>
            <name>And I click View Leads</name>
            <title>And I click View Leads</title>
            <labels>
                <label name='language' value='javascript'/>
                <label name='framework' value='wdio'/>
                <label name='thread' value='0-0'/>
            </labels>
            <parameters>
                <parameter kind='argument' name='browser' value='chrome-104.0.5112.101'/>
            </parameters>
            <steps/>
            <attachments/>
        </test-case>
        <test-case start='1660990473349' status='pending' stop='1660990473349'>
            <name>And I click Add Lead button</name>
            <title>And I click Add Lead button</title>
            <labels>
                <label name='language' value='javascript'/>
                <label name='framework' value='wdio'/>
                <label name='thread' value='0-0'/>
            </labels>
            <parameters>
                <parameter kind='argument' name='browser' value='chrome-104.0.5112.101'/>
            </parameters>
            <steps/>
            <attachments/>
        </test-case>
        <test-case start='1660990473349' status='pending' stop='1660990473349'>
            <name>Then I will see Leads modal</name>
            <title>Then I will see Leads modal</title>
            <labels>
                <label name='language' value='javascript'/>
                <label name='framework' value='wdio'/>
                <label name='thread' value='0-0'/>
            </labels>
            <parameters>
                <parameter kind='argument' name='browser' value='chrome-104.0.5112.101'/>
            </parameters>
            <steps/>
            <attachments/>
        </test-case>
        <test-case start='1660990473350' status='passed' stop='1660990473350'>
            <name></name>
            <title></title>
            <labels>
                <label name='language' value='javascript'/>
                <label name='framework' value='wdio'/>
                <label name='thread' value='0-0'/>
            </labels>
            <parameters>
                <parameter kind='argument' name='browser' value='chrome-104.0.5112.101'/>
            </parameters>
            <steps/>
            <attachments/>
        </test-case>
    </test-cases>
</ns2:test-suite>