<?xml version='1.0'?>
<ns2:test-suite xmlns:ns2='urn:model.allure.qatools.yandex.ru' start='1658952661964' stop='1658952661971'>
    <name>Main page: Login</name>
    <title>Main page: Login</title>
    <test-cases>
        <test-case start='1658952661965' status='passed' stop='1658952661967'>
            <name></name>
            <title></title>
            <labels>
                <label name='language' value='javascript'/>
                <label name='framework' value='wdio'/>
                <label name='thread' value='0-0'/>
            </labels>
            <parameters>
                <parameter kind='argument' name='browser' value='chrome-103.0.5060.134'/>
            </parameters>
            <steps/>
            <attachments/>
        </test-case>
        <test-case start='1658952661967' status='broken' stop='1658952661968'>
            <name>Given I am on main page "https://concert.ua/ru/login"</name>
            <title>Given I am on main page "https://concert.ua/ru/login"</title>
            <labels>
                <label name='language' value='javascript'/>
                <label name='framework' value='wdio'/>
                <label name='thread' value='0-0'/>
            </labels>
            <parameters>
                <parameter kind='argument' name='browser' value='chrome-103.0.5060.134'/>
            </parameters>
            <steps/>
            <attachments/>
            <failure>
                <message>Step "I am on main page "https://concert.ua/ru/login"" is not defined. You can ignore this error by setting cucumberOpts.ignoreUndefinedDefinitions as true.</message>
                <stack-trace>Step "I am on main page "https://concert.ua/ru/login"" is not defined. You can ignore this error by setting cucumberOpts.ignoreUndefinedDefinitions as true.
                	at Feature(/Users/romantikkk/WebstormProjects/New-Vlad/features/search.feature):1:1
                	at Scenario(Login):3:6
                	at Step(I am on main page "https://concert.ua/ru/login"):4:8
                </stack-trace>
            </failure>
        </test-case>
        <test-case start='1658952661969' status='broken' stop='1658952661969'>
            <name>When I enter email vlad.karamushka@gmail.com password Aaaaaaaa12</name>
            <title>When I enter email vlad.karamushka@gmail.com password Aaaaaaaa12</title>
            <labels>
                <label name='language' value='javascript'/>
                <label name='framework' value='wdio'/>
                <label name='thread' value='0-0'/>
            </labels>
            <parameters>
                <parameter kind='argument' name='browser' value='chrome-103.0.5060.134'/>
            </parameters>
            <steps/>
            <attachments/>
            <failure>
                <message>Step "I enter email vlad.karamushka@gmail.com password Aaaaaaaa12" is not defined. You can ignore this error by setting cucumberOpts.ignoreUndefinedDefinitions as true.</message>
                <stack-trace>Step "I enter email vlad.karamushka@gmail.com password Aaaaaaaa12" is not defined. You can ignore this error by setting cucumberOpts.ignoreUndefinedDefinitions as true.
                	at Feature(/Users/romantikkk/WebstormProjects/New-Vlad/features/search.feature):1:1
                	at Scenario(Login):3:6
                	at Step(I enter email &lt;email> password &lt;password>):5:8
                </stack-trace>
            </failure>
        </test-case>
        <test-case start='1658952661969' status='broken' stop='1658952661969'>
            <name>When I click on submit buton</name>
            <title>When I click on submit buton</title>
            <labels>
                <label name='language' value='javascript'/>
                <label name='framework' value='wdio'/>
                <label name='thread' value='0-0'/>
            </labels>
            <parameters>
                <parameter kind='argument' name='browser' value='chrome-103.0.5060.134'/>
            </parameters>
            <steps/>
            <attachments/>
            <failure>
                <message>Step "I click on submit buton" is not defined. You can ignore this error by setting cucumberOpts.ignoreUndefinedDefinitions as true.</message>
                <stack-trace>Step "I click on submit buton" is not defined. You can ignore this error by setting cucumberOpts.ignoreUndefinedDefinitions as true.
                	at Feature(/Users/romantikkk/WebstormProjects/New-Vlad/features/search.feature):1:1
                	at Scenario(Login):3:6
                	at Step(I click on submit buton):6:8
                </stack-trace>
            </failure>
        </test-case>
        <test-case start='1658952661969' status='broken' stop='1658952661970'>
            <name>Then I successfully login</name>
            <title>Then I successfully login</title>
            <labels>
                <label name='language' value='javascript'/>
                <label name='framework' value='wdio'/>
                <label name='thread' value='0-0'/>
            </labels>
            <parameters>
                <parameter kind='argument' name='browser' value='chrome-103.0.5060.134'/>
            </parameters>
            <steps/>
            <attachments/>
            <failure>
                <message>Step "I successfully login" is not defined. You can ignore this error by setting cucumberOpts.ignoreUndefinedDefinitions as true.</message>
                <stack-trace>Step "I successfully login" is not defined. You can ignore this error by setting cucumberOpts.ignoreUndefinedDefinitions as true.
                	at Feature(/Users/romantikkk/WebstormProjects/New-Vlad/features/search.feature):1:1
                	at Scenario(Login):3:6
                	at Step(I successfully login):7:8
                </stack-trace>
            </failure>
        </test-case>
        <test-case start='1658952661970' status='passed' stop='1658952661971'>
            <name></name>
            <title></title>
            <labels>
                <label name='language' value='javascript'/>
                <label name='framework' value='wdio'/>
                <label name='thread' value='0-0'/>
            </labels>
            <parameters>
                <parameter kind='argument' name='browser' value='chrome-103.0.5060.134'/>
            </parameters>
            <steps/>
            <attachments/>
        </test-case>
    </test-cases>
</ns2:test-suite>