<?xml version='1.0'?>
<ns2:test-suite xmlns:ns2='urn:model.allure.qatools.yandex.ru' start='1658413640863' stop='1658413642567'>
    <name>Auto test page: Test auto form</name>
    <title>Auto test page: Test auto form</title>
    <test-cases>
        <test-case start='1658413640867' status='passed' stop='1658413640868'>
            <name></name>
            <title></title>
            <labels>
                <label name='language' value='javascript'/>
                <label name='framework' value='wdio'/>
                <label name='thread' value='0-0'/>
            </labels>
            <parameters>
                <parameter kind='argument' name='browser' value='chrome-103.0.5060.114'/>
            </parameters>
            <steps/>
            <attachments/>
        </test-case>
        <test-case start='1658413640868' status='passed' stop='1658413641955'>
            <name>Given I am on practice page "https://automationteststore.com/index.php?rt=account%2Fcreate"</name>
            <title>Given I am on practice page "https://automationteststore.com/index.php?rt=account%2Fcreate"</title>
            <labels>
                <label name='language' value='javascript'/>
                <label name='framework' value='wdio'/>
                <label name='thread' value='0-0'/>
            </labels>
            <parameters>
                <parameter kind='argument' name='browser' value='chrome-103.0.5060.114'/>
            </parameters>
            <steps>
                <step start='1658413640879' status='passed' stop='1658413641799'>
                    <name>POST /session/:sessionId/url</name>
                    <title>POST /session/:sessionId/url</title>
                    <attachments>
                        <attachment title='Request' source='6c07d0fe-96d0-4e1d-9229-631081ad54d9-attachment.json' type='application/json' size='76'/>
                    </attachments>
                    <steps/>
                </step>
                <step start='1658413641799' status='passed' stop='1658413641953'>
                    <name>POST /session/:sessionId/window/maximize</name>
                    <title>POST /session/:sessionId/window/maximize</title>
                    <attachments>
                        <attachment title='Response' source='8c569431-27d7-424f-86c1-38c926e04c42-attachment.json' type='application/json' size='57'/>
                    </attachments>
                    <steps/>
                </step>
            </steps>
            <attachments/>
        </test-case>
        <test-case start='1658413641955' status='passed' stop='1658413641985'>
            <name>Then I validate page header "CREATE ACCOUNT"</name>
            <title>Then I validate page header "CREATE ACCOUNT"</title>
            <labels>
                <label name='language' value='javascript'/>
                <label name='framework' value='wdio'/>
                <label name='thread' value='0-0'/>
            </labels>
            <parameters>
                <parameter kind='argument' name='browser' value='chrome-103.0.5060.114'/>
            </parameters>
            <steps>
                <step start='1658413641956' status='passed' stop='1658413641972'>
                    <name>POST /session/:sessionId/element</name>
                    <title>POST /session/:sessionId/element</title>
                    <attachments>
                        <attachment title='Request' source='d303c404-fd2b-49c1-bdef-2920e48439e0-attachment.json' type='application/json' size='41'/>
                        <attachment title='Response' source='075aed80-2eb5-435d-8534-ef0e94a06dd6-attachment.json' type='application/json' size='83'/>
                    </attachments>
                    <steps/>
                </step>
                <step start='1658413641981' status='undefined'>
                    <name>GET /session/:sessionId/element/b197b833-0b99-4912-8df7-b0e1cc0dc98b/text</name>
                    <title>GET /session/:sessionId/element/b197b833-0b99-4912-8df7-b0e1cc0dc98b/text</title>
                    <attachments/>
                    <steps/>
                </step>
            </steps>
            <attachments/>
        </test-case>
        <test-case start='1658413641986' status='passed' stop='1658413642419'>
            <name>When I enter firstname Vlad lastname Karamushka email vlad@gmail.com</name>
            <title>When I enter firstname Vlad lastname Karamushka email vlad@gmail.com</title>
            <labels>
                <label name='language' value='javascript'/>
                <label name='framework' value='wdio'/>
                <label name='thread' value='0-0'/>
            </labels>
            <parameters>
                <parameter kind='argument' name='browser' value='chrome-103.0.5060.114'/>
            </parameters>
            <steps>
                <step start='1658413641987' status='passed' stop='1658413642062'>
                    <name>POST /session/:sessionId/element</name>
                    <title>POST /session/:sessionId/element</title>
                    <attachments>
                        <attachment title='Request' source='7bfe7e56-b08a-49f2-b5aa-b0c012a7f89b-attachment.json' type='application/json' size='59'/>
                        <attachment title='Response' source='063da0c5-d804-4e28-ac60-49dca8b7c397-attachment.json' type='application/json' size='83'/>
                    </attachments>
                    <steps>
                        <step start='1658413641990' status='passed' stop='1658413642037'>
                            <name>POST /session/:sessionId/element</name>
                            <title>POST /session/:sessionId/element</title>
                            <attachments>
                                <attachment title='Request' source='072c39d9-bb96-4864-8001-7dafedaaf653-attachment.json' type='application/json' size='56'/>
                                <attachment title='Response' source='28f23f12-5ca4-4c26-b238-1861ca25e9ff-attachment.json' type='application/json' size='83'/>
                            </attachments>
                            <steps>
                                <step start='1658413641999' status='passed' stop='1658413642027'>
                                    <name>POST /session/:sessionId/element</name>
                                    <title>POST /session/:sessionId/element</title>
                                    <attachments>
                                        <attachment title='Request' source='c68fcd18-88dc-41c4-b28c-d1f926666c2b-attachment.json' type='application/json' size='60'/>
                                        <attachment title='Response' source='1c7a9af7-9a07-4d7a-aea9-99715ea4a28e-attachment.json' type='application/json' size='16'/>
                                    </attachments>
                                    <steps/>
                                </step>
                            </steps>
                        </step>
                    </steps>
                </step>
                <step start='1658413642078' status='passed' stop='1658413642156'>
                    <name>POST /session/:sessionId/element/3a0cfb71-2d63-4483-9cb8-d7682442a36b/clear</name>
                    <title>POST /session/:sessionId/element/3a0cfb71-2d63-4483-9cb8-d7682442a36b/clear</title>
                    <attachments/>
                    <steps/>
                </step>
                <step start='1658413642158' status='passed' stop='1658413642287'>
                    <name>POST /session/:sessionId/element/3a0cfb71-2d63-4483-9cb8-d7682442a36b/value</name>
                    <title>POST /session/:sessionId/element/3a0cfb71-2d63-4483-9cb8-d7682442a36b/value</title>
                    <attachments>
                        <attachment title='Request' source='0e557bd6-76c6-4390-9df8-dfb46ea1ba71-attachment.json' type='application/json' size='20'/>
                    </attachments>
                    <steps/>
                </step>
                <step start='1658413642287' status='passed' stop='1658413642322'>
                    <name>POST /session/:sessionId/element/869b5262-de27-4094-9929-4966d6706876/clear</name>
                    <title>POST /session/:sessionId/element/869b5262-de27-4094-9929-4966d6706876/clear</title>
                    <attachments/>
                    <steps/>
                </step>
                <step start='1658413642323' status='passed' stop='1658413642359'>
                    <name>POST /session/:sessionId/element/869b5262-de27-4094-9929-4966d6706876/value</name>
                    <title>POST /session/:sessionId/element/869b5262-de27-4094-9929-4966d6706876/value</title>
                    <attachments>
                        <attachment title='Request' source='31ab65a0-9e57-4dfc-ab88-f9e3b97d7cfd-attachment.json' type='application/json' size='20'/>
                    </attachments>
                    <steps/>
                </step>
                <step start='1658413642359' status='passed' stop='1658413642383'>
                    <name>POST /session/:sessionId/element/786e8a35-aee4-48d4-b0d5-c8378c39b5cf/clear</name>
                    <title>POST /session/:sessionId/element/786e8a35-aee4-48d4-b0d5-c8378c39b5cf/clear</title>
                    <attachments/>
                    <steps/>
                </step>
                <step start='1658413642383' status='passed' stop='1658413642419'>
                    <name>POST /session/:sessionId/element/786e8a35-aee4-48d4-b0d5-c8378c39b5cf/value</name>
                    <title>POST /session/:sessionId/element/786e8a35-aee4-48d4-b0d5-c8378c39b5cf/value</title>
                    <attachments>
                        <attachment title='Request' source='b3779512-ebd8-4eb2-a278-f9dd01b02f55-attachment.json' type='application/json' size='20'/>
                    </attachments>
                    <steps/>
                </step>
            </steps>
            <attachments>
                <attachment title='Response' source='a03239be-c873-484a-83fe-4302700a87b7-attachment.json' type='application/json' size='83'/>
            </attachments>
        </test-case>
        <test-case start='1658413642419' status='passed' stop='1658413642563'>
            <name>And I enter address1 Hm12 city Nikopol</name>
            <title>And I enter address1 Hm12 city Nikopol</title>
            <labels>
                <label name='language' value='javascript'/>
                <label name='framework' value='wdio'/>
                <label name='thread' value='0-0'/>
            </labels>
            <parameters>
                <parameter kind='argument' name='browser' value='chrome-103.0.5060.114'/>
            </parameters>
            <steps>
                <step start='1658413642420' status='passed' stop='1658413642440'>
                    <name>POST /session/:sessionId/element</name>
                    <title>POST /session/:sessionId/element</title>
                    <attachments>
                        <attachment title='Request' source='1317ec0b-7476-46e6-8361-bb7acd7167e8-attachment.json' type='application/json' size='55'/>
                        <attachment title='Response' source='d2f139a2-0631-4498-a854-f1105c804278-attachment.json' type='application/json' size='83'/>
                    </attachments>
                    <steps>
                        <step start='1658413642421' status='passed' stop='1658413642433'>
                            <name>POST /session/:sessionId/element</name>
                            <title>POST /session/:sessionId/element</title>
                            <attachments>
                                <attachment title='Request' source='063250a0-6db8-476b-9462-e0b6cfe29834-attachment.json' type='application/json' size='60'/>
                                <attachment title='Response' source='d10b2061-2ede-432d-bd20-b4a8ed6d1c63-attachment.json' type='application/json' size='83'/>
                            </attachments>
                            <steps/>
                        </step>
                    </steps>
                </step>
                <step start='1658413642444' status='passed' stop='1658413642467'>
                    <name>POST /session/:sessionId/element/e3d0f339-2ed2-49df-9335-9963fb1e64ca/clear</name>
                    <title>POST /session/:sessionId/element/e3d0f339-2ed2-49df-9335-9963fb1e64ca/clear</title>
                    <attachments/>
                    <steps/>
                </step>
                <step start='1658413642467' status='passed' stop='1658413642498'>
                    <name>POST /session/:sessionId/element/e3d0f339-2ed2-49df-9335-9963fb1e64ca/value</name>
                    <title>POST /session/:sessionId/element/e3d0f339-2ed2-49df-9335-9963fb1e64ca/value</title>
                    <attachments>
                        <attachment title='Request' source='b71dc5c2-8681-4803-bcf7-82a071e95865-attachment.json' type='application/json' size='20'/>
                    </attachments>
                    <steps/>
                </step>
                <step start='1658413642498' status='passed' stop='1658413642522'>
                    <name>POST /session/:sessionId/element/12897cd6-b359-452a-8697-195a3c71427f/clear</name>
                    <title>POST /session/:sessionId/element/12897cd6-b359-452a-8697-195a3c71427f/clear</title>
                    <attachments/>
                    <steps/>
                </step>
                <step start='1658413642522' status='passed' stop='1658413642563'>
                    <name>POST /session/:sessionId/element/12897cd6-b359-452a-8697-195a3c71427f/value</name>
                    <title>POST /session/:sessionId/element/12897cd6-b359-452a-8697-195a3c71427f/value</title>
                    <attachments>
                        <attachment title='Request' source='f7285448-475a-4765-8312-48eb7d65c896-attachment.json' type='application/json' size='23'/>
                    </attachments>
                    <steps/>
                </step>
            </steps>
            <attachments/>
        </test-case>
        <test-case start='1658413642563' status='broken' stop='1658413642564'>
            <name>And I select region/state Kyiv</name>
            <title>And I select region/state Kyiv</title>
            <labels>
                <label name='language' value='javascript'/>
                <label name='framework' value='wdio'/>
                <label name='thread' value='0-0'/>
            </labels>
            <parameters>
                <parameter kind='argument' name='browser' value='chrome-103.0.5060.114'/>
            </parameters>
            <steps/>
            <attachments/>
            <failure>
                <message>Step "I select region/state Kyiv" is not defined. You can ignore this error by setting cucumberOpts.ignoreUndefinedDefinitions as true.</message>
                <stack-trace>Step "I select region/state Kyiv" is not defined. You can ignore this error by setting cucumberOpts.ignoreUndefinedDefinitions as true.
                	at Feature(/Users/romantikkk/WebstormProjects/New-Vlad/features/register.feature):1:1
                	at Scenario(Test auto form):3:5
                	at Step(I select region/state &lt;region>):8:7
                </stack-trace>
            </failure>
        </test-case>
        <test-case start='1658413642564' status='broken' stop='1658413642564'>
            <name>And I enter zipcode 53204</name>
            <title>And I enter zipcode 53204</title>
            <labels>
                <label name='language' value='javascript'/>
                <label name='framework' value='wdio'/>
                <label name='thread' value='0-0'/>
            </labels>
            <parameters>
                <parameter kind='argument' name='browser' value='chrome-103.0.5060.114'/>
            </parameters>
            <steps/>
            <attachments/>
            <failure>
                <message>Step "I enter zipcode 53204" is not defined. You can ignore this error by setting cucumberOpts.ignoreUndefinedDefinitions as true.</message>
                <stack-trace>Step "I enter zipcode 53204" is not defined. You can ignore this error by setting cucumberOpts.ignoreUndefinedDefinitions as true.
                	at Feature(/Users/romantikkk/WebstormProjects/New-Vlad/features/register.feature):1:1
                	at Scenario(Test auto form):3:5
                	at Step(I enter zipcode &lt;zipcode>):9:7
                </stack-trace>
            </failure>
        </test-case>
        <test-case start='1658413642564' status='broken' stop='1658413642564'>
            <name>And I select country Ukraine</name>
            <title>And I select country Ukraine</title>
            <labels>
                <label name='language' value='javascript'/>
                <label name='framework' value='wdio'/>
                <label name='thread' value='0-0'/>
            </labels>
            <parameters>
                <parameter kind='argument' name='browser' value='chrome-103.0.5060.114'/>
            </parameters>
            <steps/>
            <attachments/>
            <failure>
                <message>Step "I select country Ukraine" is not defined. You can ignore this error by setting cucumberOpts.ignoreUndefinedDefinitions as true.</message>
                <stack-trace>Step "I select country Ukraine" is not defined. You can ignore this error by setting cucumberOpts.ignoreUndefinedDefinitions as true.
                	at Feature(/Users/romantikkk/WebstormProjects/New-Vlad/features/register.feature):1:1
                	at Scenario(Test auto form):3:5
                	at Step(I select country &lt;country>):10:7
                </stack-trace>
            </failure>
        </test-case>
        <test-case start='1658413642564' status='broken' stop='1658413642565'>
            <name>And I enter login vladka password Aaaaaaaa12 passwordrepeat Aaaaaaaa12</name>
            <title>And I enter login vladka password Aaaaaaaa12 passwordrepeat Aaaaaaaa12</title>
            <labels>
                <label name='language' value='javascript'/>
                <label name='framework' value='wdio'/>
                <label name='thread' value='0-0'/>
            </labels>
            <parameters>
                <parameter kind='argument' name='browser' value='chrome-103.0.5060.114'/>
            </parameters>
            <steps/>
            <attachments/>
            <failure>
                <message>Step "I enter login vladka password Aaaaaaaa12 passwordrepeat Aaaaaaaa12" is not defined. You can ignore this error by setting cucumberOpts.ignoreUndefinedDefinitions as true.</message>
                <stack-trace>Step "I enter login vladka password Aaaaaaaa12 passwordrepeat Aaaaaaaa12" is not defined. You can ignore this error by setting cucumberOpts.ignoreUndefinedDefinitions as true.
                	at Feature(/Users/romantikkk/WebstormProjects/New-Vlad/features/register.feature):1:1
                	at Scenario(Test auto form):3:5
                	at Step(I enter login &lt;login> password &lt;pass> passwordrepeat &lt;pass1>):11:7
                </stack-trace>
            </failure>
        </test-case>
        <test-case start='1658413642565' status='broken' stop='1658413642565'>
            <name>And I click on submit button</name>
            <title>And I click on submit button</title>
            <labels>
                <label name='language' value='javascript'/>
                <label name='framework' value='wdio'/>
                <label name='thread' value='0-0'/>
            </labels>
            <parameters>
                <parameter kind='argument' name='browser' value='chrome-103.0.5060.114'/>
            </parameters>
            <steps/>
            <attachments/>
            <failure>
                <message>Step "I click on submit button" is not defined. You can ignore this error by setting cucumberOpts.ignoreUndefinedDefinitions as true.</message>
                <stack-trace>Step "I click on submit button" is not defined. You can ignore this error by setting cucumberOpts.ignoreUndefinedDefinitions as true.
                	at Feature(/Users/romantikkk/WebstormProjects/New-Vlad/features/register.feature):1:1
                	at Scenario(Test auto form):3:5
                	at Step(I click on submit button):12:7
                </stack-trace>
            </failure>
        </test-case>
        <test-case start='1658413642565' status='pending' stop='1658413642566'>
            <name>Then I validate page header "We're pasionate about tea."</name>
            <title>Then I validate page header "We're pasionate about tea."</title>
            <labels>
                <label name='language' value='javascript'/>
                <label name='framework' value='wdio'/>
                <label name='thread' value='0-0'/>
            </labels>
            <parameters>
                <parameter kind='argument' name='browser' value='chrome-103.0.5060.114'/>
            </parameters>
            <steps/>
            <attachments/>
        </test-case>
        <test-case start='1658413642566' status='passed' stop='1658413642566'>
            <name></name>
            <title></title>
            <labels>
                <label name='language' value='javascript'/>
                <label name='framework' value='wdio'/>
                <label name='thread' value='0-0'/>
            </labels>
            <parameters>
                <parameter kind='argument' name='browser' value='chrome-103.0.5060.114'/>
            </parameters>
            <steps/>
            <attachments/>
        </test-case>
    </test-cases>
</ns2:test-suite>