<?xml version='1.0'?>
<ns2:test-suite xmlns:ns2='urn:model.allure.qatools.yandex.ru' start='1659457809207' stop='1659457810523'>
    <name>Chai page: Successful login</name>
    <title>Chai page: Successful login</title>
    <test-cases>
        <test-case start='1659457809208' status='passed' stop='1659457809209'>
            <name></name>
            <title></title>
            <labels>
                <label name='language' value='javascript'/>
                <label name='framework' value='wdio'/>
                <label name='thread' value='0-0'/>
            </labels>
            <parameters>
                <parameter kind='argument' name='browser' value='chrome-103.0.5060.134'/>
            </parameters>
            <steps/>
            <attachments/>
        </test-case>
        <test-case start='1659457809209' status='passed' stop='1659457810511'>
            <name>Given I am on main page "https://auth-client-stage.dev.propify.com/login?returnTo=Lw%3D%3D&amp;callbackUrl=https%3A%2F%2Fadmin-client-stage.dev.propify.com%2Fauth%2Fcallback"</name>
            <title>Given I am on main page "https://auth-client-stage.dev.propify.com/login?returnTo=Lw%3D%3D&amp;callbackUrl=https%3A%2F%2Fadmin-client-stage.dev.propify.com%2Fauth%2Fcallback"</title>
            <labels>
                <label name='language' value='javascript'/>
                <label name='framework' value='wdio'/>
                <label name='thread' value='0-0'/>
            </labels>
            <parameters>
                <parameter kind='argument' name='browser' value='chrome-103.0.5060.134'/>
            </parameters>
            <steps>
                <step start='1659457809211' status='passed' stop='1659457810511'>
                    <name>POST /session/:sessionId/url</name>
                    <title>POST /session/:sessionId/url</title>
                    <attachments>
                        <attachment title='Request' source='7e1c708b-29f2-42f8-9ac3-cdb93c17f48d-attachment.json' type='application/json' size='159'/>
                    </attachments>
                    <steps/>
                </step>
            </steps>
            <attachments/>
        </test-case>
        <test-case start='1659457810512' status='broken' stop='1659457810521'>
            <name>When I input email vkaramushka@propify.com password Aaaaaaaa1234</name>
            <title>When I input email vkaramushka@propify.com password Aaaaaaaa1234</title>
            <labels>
                <label name='language' value='javascript'/>
                <label name='framework' value='wdio'/>
                <label name='thread' value='0-0'/>
            </labels>
            <parameters>
                <parameter kind='argument' name='browser' value='chrome-103.0.5060.134'/>
            </parameters>
            <steps>
                <step start='1659457810519' status='broken' stop='1659457810521'>
                    <name>POST /session/:sessionId/element</name>
                    <title>POST /session/:sessionId/element</title>
                    <attachments>
                        <attachment title='Request' source='5363d46e-2826-4229-a851-0e79fc29d4a4-attachment.json' type='application/json' size='56'/>
                    </attachments>
                    <steps/>
                </step>
            </steps>
            <attachments/>
            <failure>
                <message>Error: function uses multiple asynchronous interfaces: callback and promise</message>
                <stack-trace>Error: function uses multiple asynchronous interfaces: callback and promise
                to use the callback interface: do not return a promise
                to use the promise interface: remove the last argument to the function
                    at Object.run (/Users/romantikkk/WebstormProjects/New-Vlad/node_modules/@cucumber/cucumber/src/user_code_runner.ts:50:16)
                    at Object.run (/Users/romantikkk/WebstormProjects/New-Vlad/node_modules/@cucumber/cucumber/src/runtime/step_runner.ts:50:41)
                    at processTicksAndRejections (node:internal/process/task_queues:96:5)
                    at async TestCaseRunner.invokeStep (/Users/romantikkk/WebstormProjects/New-Vlad/node_modules/@cucumber/cucumber/src/runtime/test_case_runner.ts:130:12)
                    at async TestCaseRunner.runStep (/Users/romantikkk/WebstormProjects/New-Vlad/node_modules/@cucumber/cucumber/src/runtime/test_case_runner.ts:312:20)
                    at async /Users/romantikkk/WebstormProjects/New-Vlad/node_modules/@cucumber/cucumber/src/runtime/test_case_runner.ts:214:36
                    at async TestCaseRunner.aroundTestStep (/Users/romantikkk/WebstormProjects/New-Vlad/node_modules/@cucumber/cucumber/src/runtime/test_case_runner.ts:162:28)
                    at async TestCaseRunner.run (/Users/romantikkk/WebstormProjects/New-Vlad/node_modules/@cucumber/cucumber/src/runtime/test_case_runner.ts:192:9)
                    at async Runtime.runTestCase (/Users/romantikkk/WebstormProjects/New-Vlad/node_modules/@cucumber/cucumber/src/runtime/index.ts:91:20)
                    at async Runtime.start (/Users/romantikkk/WebstormProjects/New-Vlad/node_modules/@cucumber/cucumber/src/runtime/index.ts:121:7)</stack-trace>
            </failure>
        </test-case>
        <test-case start='1659457810521' status='broken' stop='1659457810521'>
            <name>And I input search Vlad</name>
            <title>And I input search Vlad</title>
            <labels>
                <label name='language' value='javascript'/>
                <label name='framework' value='wdio'/>
                <label name='thread' value='0-0'/>
            </labels>
            <parameters>
                <parameter kind='argument' name='browser' value='chrome-103.0.5060.134'/>
            </parameters>
            <steps/>
            <attachments/>
            <failure>
                <message>Step "I input search Vlad" is not defined. You can ignore this error by setting cucumberOpts.ignoreUndefinedDefinitions as true.</message>
                <stack-trace>Step "I input search Vlad" is not defined. You can ignore this error by setting cucumberOpts.ignoreUndefinedDefinitions as true.
                	at Feature(/Users/romantikkk/WebstormProjects/New-Vlad/features/propifylogin.feature):1:1
                	at Scenario(Successful login):3:9
                	at Step(I input search &lt;searchpropify>):6:9
                </stack-trace>
            </failure>
        </test-case>
        <test-case start='1659457810521' status='broken' stop='1659457810522'>
            <name>And I click erase icon</name>
            <title>And I click erase icon</title>
            <labels>
                <label name='language' value='javascript'/>
                <label name='framework' value='wdio'/>
                <label name='thread' value='0-0'/>
            </labels>
            <parameters>
                <parameter kind='argument' name='browser' value='chrome-103.0.5060.134'/>
            </parameters>
            <steps/>
            <attachments/>
            <failure>
                <message>Step "I click erase icon" is not defined. You can ignore this error by setting cucumberOpts.ignoreUndefinedDefinitions as true.</message>
                <stack-trace>Step "I click erase icon" is not defined. You can ignore this error by setting cucumberOpts.ignoreUndefinedDefinitions as true.
                	at Feature(/Users/romantikkk/WebstormProjects/New-Vlad/features/propifylogin.feature):1:1
                	at Scenario(Successful login):3:9
                	at Step(I click erase icon):7:9
                </stack-trace>
            </failure>
        </test-case>
        <test-case start='1659457810522' status='passed' stop='1659457810522'>
            <name></name>
            <title></title>
            <labels>
                <label name='language' value='javascript'/>
                <label name='framework' value='wdio'/>
                <label name='thread' value='0-0'/>
            </labels>
            <parameters>
                <parameter kind='argument' name='browser' value='chrome-103.0.5060.134'/>
            </parameters>
            <steps/>
            <attachments/>
        </test-case>
    </test-cases>
</ns2:test-suite>