<?xml version='1.0'?>
<ns2:test-suite xmlns:ns2='urn:model.allure.qatools.yandex.ru' start='1658406979195' stop='1658406979199'>
    <name>The Internet website homepage: As a user, I can open internet website</name>
    <title>The Internet website homepage: As a user, I can open internet website</title>
    <test-cases>
        <test-case start='1658406979195' status='passed' stop='1658406979197'>
            <name></name>
            <title></title>
            <labels>
                <label name='language' value='javascript'/>
                <label name='framework' value='wdio'/>
                <label name='thread' value='0-0'/>
            </labels>
            <parameters>
                <parameter kind='argument' name='browser' value='chrome-103.0.5060.114'/>
            </parameters>
            <steps/>
            <attachments/>
        </test-case>
        <test-case start='1658406979197' status='broken' stop='1658406979198'>
            <name>Given I open browser and load the url https://the-internet.herokuapp.com/</name>
            <title>Given I open browser and load the url https://the-internet.herokuapp.com/</title>
            <labels>
                <label name='language' value='javascript'/>
                <label name='framework' value='wdio'/>
                <label name='thread' value='0-0'/>
            </labels>
            <parameters>
                <parameter kind='argument' name='browser' value='chrome-103.0.5060.114'/>
            </parameters>
            <steps/>
            <attachments/>
            <failure>
                <message>Step "I open browser and load the url https://the-internet.herokuapp.com/" is not defined. You can ignore this error by setting cucumberOpts.ignoreUndefinedDefinitions as true.</message>
                <stack-trace>Step "I open browser and load the url https://the-internet.herokuapp.com/" is not defined. You can ignore this error by setting cucumberOpts.ignoreUndefinedDefinitions as true.
                	at Feature(/Users/romantikkk/WebstormProjects/New-Vlad/features/home.feature):1:1
                	at Scenario(As a user, I can open internet website):3:7
                	at Step(I open browser and load the url &lt;homepageurl>):5:10
                </stack-trace>
            </failure>
        </test-case>
        <test-case start='1658406979198' status='broken' stop='1658406979198'>
            <name>Then I should see a header with text Welcome to the-internet</name>
            <title>Then I should see a header with text Welcome to the-internet</title>
            <labels>
                <label name='language' value='javascript'/>
                <label name='framework' value='wdio'/>
                <label name='thread' value='0-0'/>
            </labels>
            <parameters>
                <parameter kind='argument' name='browser' value='chrome-103.0.5060.114'/>
            </parameters>
            <steps/>
            <attachments/>
            <failure>
                <message>Step "I should see a header with text Welcome to the-internet" is not defined. You can ignore this error by setting cucumberOpts.ignoreUndefinedDefinitions as true.</message>
                <stack-trace>Step "I should see a header with text Welcome to the-internet" is not defined. You can ignore this error by setting cucumberOpts.ignoreUndefinedDefinitions as true.
                	at Feature(/Users/romantikkk/WebstormProjects/New-Vlad/features/home.feature):1:1
                	at Scenario(As a user, I can open internet website):3:7
                	at Step(I should see a header with text &lt;headertext>):6:10
                </stack-trace>
            </failure>
        </test-case>
        <test-case start='1658406979199' status='passed' stop='1658406979199'>
            <name></name>
            <title></title>
            <labels>
                <label name='language' value='javascript'/>
                <label name='framework' value='wdio'/>
                <label name='thread' value='0-0'/>
            </labels>
            <parameters>
                <parameter kind='argument' name='browser' value='chrome-103.0.5060.114'/>
            </parameters>
            <steps/>
            <attachments/>
        </test-case>
    </test-cases>
</ns2:test-suite>