<?xml version='1.0'?>
<ns2:test-suite xmlns:ns2='urn:model.allure.qatools.yandex.ru' start='1660990336192' stop='1660990339780'>
    <name>Leads page: Adding a lead</name>
    <title>Leads page: Adding a lead</title>
    <test-cases>
        <test-case start='1660990336192' status='passed' stop='1660990336194'>
            <name></name>
            <title></title>
            <labels>
                <label name='language' value='javascript'/>
                <label name='framework' value='wdio'/>
                <label name='thread' value='0-0'/>
            </labels>
            <parameters>
                <parameter kind='argument' name='browser' value='chrome-104.0.5112.101'/>
            </parameters>
            <steps/>
            <attachments/>
        </test-case>
        <test-case start='1660990336195' status='passed' stop='1660990339774'>
            <name>Given I'm on thee page https://auth-client-stage.dev.propify.com/login?returnTo=L3Byb3NwZWN0cy9sZWFkcw%3D%3D&amp;callbackUrl=https%3A%2F%2Fadmin-client-stage.dev.propify.com%2Fauth%2Fcallback</name>
            <title>Given I'm on thee page https://auth-client-stage.dev.propify.com/login?returnTo=L3Byb3NwZWN0cy9sZWFkcw%3D%3D&amp;callbackUrl=https%3A%2F%2Fadmin-client-stage.dev.propify.com%2Fauth%2Fcallback</title>
            <labels>
                <label name='language' value='javascript'/>
                <label name='framework' value='wdio'/>
                <label name='thread' value='0-0'/>
            </labels>
            <parameters>
                <parameter kind='argument' name='browser' value='chrome-104.0.5112.101'/>
            </parameters>
            <steps>
                <step start='1660990336200' status='passed' stop='1660990337606'>
                    <name>POST /session/:sessionId/url</name>
                    <title>POST /session/:sessionId/url</title>
                    <attachments>
                        <attachment title='Request' source='98ac08cd-0ad8-418d-b587-ccf22679a59c-attachment.json' type='application/json' size='179'/>
                    </attachments>
                    <steps/>
                </step>
                <step start='1660990337606' status='passed' stop='1660990337769'>
                    <name>POST /session/:sessionId/window/maximize</name>
                    <title>POST /session/:sessionId/window/maximize</title>
                    <attachments>
                        <attachment title='Response' source='747cd498-a0ef-4bce-bc29-c4e6eff67c16-attachment.json' type='application/json' size='57'/>
                    </attachments>
                    <steps/>
                </step>
            </steps>
            <attachments/>
        </test-case>
        <test-case start='1660990339774' status='broken' stop='1660990339775'>
            <name>When I input email vkaramushka@propify.com</name>
            <title>When I input email vkaramushka@propify.com</title>
            <labels>
                <label name='language' value='javascript'/>
                <label name='framework' value='wdio'/>
                <label name='thread' value='0-0'/>
            </labels>
            <parameters>
                <parameter kind='argument' name='browser' value='chrome-104.0.5112.101'/>
            </parameters>
            <steps/>
            <attachments/>
            <failure>
                <message>Step "I input email vkaramushka@propify.com" is not defined. You can ignore this error by setting cucumberOpts.ignoreUndefinedDefinitions as true.</message>
                <stack-trace>Step "I input email vkaramushka@propify.com" is not defined. You can ignore this error by setting cucumberOpts.ignoreUndefinedDefinitions as true.
                	at Feature(/Users/romantikkk/WebstormProjects/New-Vlad/features/addlead.feature):1:1
                	at Scenario(Adding a lead):3:5
                	at Step(I input email &lt;email1>):5:5
                </stack-trace>
            </failure>
        </test-case>
        <test-case start='1660990339775' status='broken' stop='1660990339776'>
            <name>And I input password Aaaaaaaa1234</name>
            <title>And I input password Aaaaaaaa1234</title>
            <labels>
                <label name='language' value='javascript'/>
                <label name='framework' value='wdio'/>
                <label name='thread' value='0-0'/>
            </labels>
            <parameters>
                <parameter kind='argument' name='browser' value='chrome-104.0.5112.101'/>
            </parameters>
            <steps/>
            <attachments/>
            <failure>
                <message>Step "I input password Aaaaaaaa1234" is not defined. You can ignore this error by setting cucumberOpts.ignoreUndefinedDefinitions as true.</message>
                <stack-trace>Step "I input password Aaaaaaaa1234" is not defined. You can ignore this error by setting cucumberOpts.ignoreUndefinedDefinitions as true.
                	at Feature(/Users/romantikkk/WebstormProjects/New-Vlad/features/addlead.feature):1:1
                	at Scenario(Adding a lead):3:5
                	at Step(I input password &lt;password1>):6:5
                </stack-trace>
            </failure>
        </test-case>
        <test-case start='1660990339776' status='pending' stop='1660990339776'>
            <name>And Click login button</name>
            <title>And Click login button</title>
            <labels>
                <label name='language' value='javascript'/>
                <label name='framework' value='wdio'/>
                <label name='thread' value='0-0'/>
            </labels>
            <parameters>
                <parameter kind='argument' name='browser' value='chrome-104.0.5112.101'/>
            </parameters>
            <steps/>
            <attachments/>
        </test-case>
        <test-case start='1660990339776' status='pending' stop='1660990339777'>
            <name>And I click Leasing page</name>
            <title>And I click Leasing page</title>
            <labels>
                <label name='language' value='javascript'/>
                <label name='framework' value='wdio'/>
                <label name='thread' value='0-0'/>
            </labels>
            <parameters>
                <parameter kind='argument' name='browser' value='chrome-104.0.5112.101'/>
            </parameters>
            <steps/>
            <attachments/>
        </test-case>
        <test-case start='1660990339777' status='pending' stop='1660990339777'>
            <name>And I click View Leads</name>
            <title>And I click View Leads</title>
            <labels>
                <label name='language' value='javascript'/>
                <label name='framework' value='wdio'/>
                <label name='thread' value='0-0'/>
            </labels>
            <parameters>
                <parameter kind='argument' name='browser' value='chrome-104.0.5112.101'/>
            </parameters>
            <steps/>
            <attachments/>
        </test-case>
        <test-case start='1660990339777' status='pending' stop='1660990339777'>
            <name>And I click Add Lead button</name>
            <title>And I click Add Lead button</title>
            <labels>
                <label name='language' value='javascript'/>
                <label name='framework' value='wdio'/>
                <label name='thread' value='0-0'/>
            </labels>
            <parameters>
                <parameter kind='argument' name='browser' value='chrome-104.0.5112.101'/>
            </parameters>
            <steps/>
            <attachments/>
        </test-case>
        <test-case start='1660990339777' status='pending' stop='1660990339778'>
            <name>Then I will see Leads modal</name>
            <title>Then I will see Leads modal</title>
            <labels>
                <label name='language' value='javascript'/>
                <label name='framework' value='wdio'/>
                <label name='thread' value='0-0'/>
            </labels>
            <parameters>
                <parameter kind='argument' name='browser' value='chrome-104.0.5112.101'/>
            </parameters>
            <steps/>
            <attachments/>
        </test-case>
        <test-case start='1660990339778' status='passed' stop='1660990339779'>
            <name></name>
            <title></title>
            <labels>
                <label name='language' value='javascript'/>
                <label name='framework' value='wdio'/>
                <label name='thread' value='0-0'/>
            </labels>
            <parameters>
                <parameter kind='argument' name='browser' value='chrome-104.0.5112.101'/>
            </parameters>
            <steps/>
            <attachments/>
        </test-case>
    </test-cases>
</ns2:test-suite>