<?xml version='1.0'?>
<ns2:test-suite xmlns:ns2='urn:model.allure.qatools.yandex.ru' start='1660926303137' stop='1660926311672'>
    <name>Login form: Recheck system message if try login with incorrect password/email</name>
    <title>Login form: Recheck system message if try login with incorrect password/email</title>
    <test-cases>
        <test-case start='1660926303137' status='passed' stop='1660926303139'>
            <name></name>
            <title></title>
            <labels>
                <label name='language' value='javascript'/>
                <label name='framework' value='wdio'/>
                <label name='thread' value='0-0'/>
            </labels>
            <parameters>
                <parameter kind='argument' name='browser' value='chrome-104.0.5112.101'/>
            </parameters>
            <steps/>
            <attachments/>
        </test-case>
        <test-case start='1660926303139' status='passed' stop='1660926305152'>
            <name>Given I'm on login page https://tenant-client-stage.dev.propify.com/user/login</name>
            <title>Given I'm on login page https://tenant-client-stage.dev.propify.com/user/login</title>
            <labels>
                <label name='language' value='javascript'/>
                <label name='framework' value='wdio'/>
                <label name='thread' value='0-0'/>
            </labels>
            <parameters>
                <parameter kind='argument' name='browser' value='chrome-104.0.5112.101'/>
            </parameters>
            <steps>
                <step start='1660926303141' status='passed' stop='1660926305011'>
                    <name>POST /session/:sessionId/url</name>
                    <title>POST /session/:sessionId/url</title>
                    <attachments>
                        <attachment title='Request' source='e030915c-709a-4276-b173-58a0abdd7fa1-attachment.json' type='application/json' size='69'/>
                    </attachments>
                    <steps/>
                </step>
                <step start='1660926305011' status='passed' stop='1660926305151'>
                    <name>POST /session/:sessionId/window/maximize</name>
                    <title>POST /session/:sessionId/window/maximize</title>
                    <attachments>
                        <attachment title='Response' source='3c197366-d30e-42c2-9526-b208e2d09a7d-attachment.json' type='application/json' size='57'/>
                    </attachments>
                    <steps/>
                </step>
            </steps>
            <attachments/>
        </test-case>
        <test-case start='1660926305152' status='passed' stop='1660926307475'>
            <name>When I input email vlad@gmail.com</name>
            <title>When I input email vlad@gmail.com</title>
            <labels>
                <label name='language' value='javascript'/>
                <label name='framework' value='wdio'/>
                <label name='thread' value='0-0'/>
            </labels>
            <parameters>
                <parameter kind='argument' name='browser' value='chrome-104.0.5112.101'/>
            </parameters>
            <steps>
                <step start='1660926305154' status='passed' stop='1660926305165'>
                    <name>POST /session/:sessionId/element</name>
                    <title>POST /session/:sessionId/element</title>
                    <attachments>
                        <attachment title='Request' source='4546a168-a3fe-47e0-a549-5129d862b722-attachment.json' type='application/json' size='59'/>
                        <attachment title='Response' source='e86a08ec-1f08-4330-a78c-974b4bacbece-attachment.json' type='application/json' size='83'/>
                    </attachments>
                    <steps/>
                </step>
                <step start='1660926305170' status='passed' stop='1660926305193'>
                    <name>POST /session/:sessionId/element/2a840ab1-3084-40be-bad9-484e4c9ee9b4/clear</name>
                    <title>POST /session/:sessionId/element/2a840ab1-3084-40be-bad9-484e4c9ee9b4/clear</title>
                    <attachments/>
                    <steps/>
                </step>
                <step start='1660926305197' status='passed' stop='1660926305473'>
                    <name>POST /session/:sessionId/element/2a840ab1-3084-40be-bad9-484e4c9ee9b4/value</name>
                    <title>POST /session/:sessionId/element/2a840ab1-3084-40be-bad9-484e4c9ee9b4/value</title>
                    <attachments>
                        <attachment title='Request' source='269a3fa1-3587-455c-a99c-251e924fa577-attachment.json' type='application/json' size='31'/>
                    </attachments>
                    <steps/>
                </step>
            </steps>
            <attachments/>
        </test-case>
        <test-case start='1660926307476' status='passed' stop='1660926309593'>
            <name>And I input incorrect password Aaaaaa1</name>
            <title>And I input incorrect password Aaaaaa1</title>
            <labels>
                <label name='language' value='javascript'/>
                <label name='framework' value='wdio'/>
                <label name='thread' value='0-0'/>
            </labels>
            <parameters>
                <parameter kind='argument' name='browser' value='chrome-104.0.5112.101'/>
            </parameters>
            <steps>
                <step start='1660926307478' status='passed' stop='1660926307495'>
                    <name>POST /session/:sessionId/element</name>
                    <title>POST /session/:sessionId/element</title>
                    <attachments>
                        <attachment title='Request' source='9f33a05c-30d0-43f4-98e4-4962327c8b6d-attachment.json' type='application/json' size='59'/>
                        <attachment title='Response' source='19ccca83-fa67-4c86-ac3d-2729a3f5a27c-attachment.json' type='application/json' size='83'/>
                    </attachments>
                    <steps/>
                </step>
                <step start='1660926307498' status='passed' stop='1660926307523'>
                    <name>POST /session/:sessionId/element/faf25055-7016-470c-96be-67a2b19804f2/clear</name>
                    <title>POST /session/:sessionId/element/faf25055-7016-470c-96be-67a2b19804f2/clear</title>
                    <attachments/>
                    <steps/>
                </step>
                <step start='1660926307524' status='passed' stop='1660926307591'>
                    <name>POST /session/:sessionId/element/faf25055-7016-470c-96be-67a2b19804f2/value</name>
                    <title>POST /session/:sessionId/element/faf25055-7016-470c-96be-67a2b19804f2/value</title>
                    <attachments>
                        <attachment title='Request' source='952bab2a-a55b-44b2-90a4-af885b62d237-attachment.json' type='application/json' size='24'/>
                    </attachments>
                    <steps/>
                </step>
            </steps>
            <attachments/>
        </test-case>
        <test-case start='1660926309593' status='passed' stop='1660926311665'>
            <name>And I clear email field</name>
            <title>And I clear email field</title>
            <labels>
                <label name='language' value='javascript'/>
                <label name='framework' value='wdio'/>
                <label name='thread' value='0-0'/>
            </labels>
            <parameters>
                <parameter kind='argument' name='browser' value='chrome-104.0.5112.101'/>
            </parameters>
            <steps>
                <step start='1660926309596' status='passed' stop='1660926309611'>
                    <name>POST /session/:sessionId/element</name>
                    <title>POST /session/:sessionId/element</title>
                    <attachments>
                        <attachment title='Request' source='14df19a5-33c5-4345-9238-acf8e190a45e-attachment.json' type='application/json' size='59'/>
                        <attachment title='Response' source='95c893c5-67ed-4d88-b3db-a652ff17d67a-attachment.json' type='application/json' size='83'/>
                    </attachments>
                    <steps/>
                </step>
                <step start='1660926309614' status='passed' stop='1660926309662'>
                    <name>POST /session/:sessionId/element/2a840ab1-3084-40be-bad9-484e4c9ee9b4/clear</name>
                    <title>POST /session/:sessionId/element/2a840ab1-3084-40be-bad9-484e4c9ee9b4/clear</title>
                    <attachments/>
                    <steps/>
                </step>
            </steps>
            <attachments/>
        </test-case>
        <test-case start='1660926311665' status='broken' stop='1660926311667'>
            <name>Then I will see systemmm message error This user and password combination is not in our system. Please create an account or use the ‘Forgot your password’ link to recover your credentials.</name>
            <title>Then I will see systemmm message error This user and password combination is not in our system. Please create an account or use the ‘Forgot your password’ link to recover your credentials.</title>
            <labels>
                <label name='language' value='javascript'/>
                <label name='framework' value='wdio'/>
                <label name='thread' value='0-0'/>
            </labels>
            <parameters>
                <parameter kind='argument' name='browser' value='chrome-104.0.5112.101'/>
            </parameters>
            <steps/>
            <attachments/>
            <failure>
                <message>Step "I will see systemmm message error This user and password combination is not in our system. Please create an account or use the ‘Forgot your password’ link to recover your credentials." is not defined. You can ignore this error by setting cucumberOpts.ignoreUndefinedDefinitions as true.</message>
                <stack-trace>Step "I will see systemmm message error This user and password combination is not in our system. Please create an account or use the ‘Forgot your password’ link to recover your credentials." is not defined. You can ignore this error by setting cucumberOpts.ignoreUndefinedDefinitions as true.
                	at Feature(/Users/romantikkk/WebstormProjects/New-Vlad/features/retest.feature):1:1
                	at Scenario(Recheck system message if try login with incorrect password/email):2:3
                	at Step(I will see systemmm message error &lt;text>):7:5
                </stack-trace>
            </failure>
        </test-case>
        <test-case start='1660926311667' status='broken' stop='1660926311668'>
            <name>And I will see that url https://tenant-client-stage.dev.propify.com/user/login</name>
            <title>And I will see that url https://tenant-client-stage.dev.propify.com/user/login</title>
            <labels>
                <label name='language' value='javascript'/>
                <label name='framework' value='wdio'/>
                <label name='thread' value='0-0'/>
            </labels>
            <parameters>
                <parameter kind='argument' name='browser' value='chrome-104.0.5112.101'/>
            </parameters>
            <steps/>
            <attachments/>
            <failure>
                <message>Step "I will see that url https://tenant-client-stage.dev.propify.com/user/login" is not defined. You can ignore this error by setting cucumberOpts.ignoreUndefinedDefinitions as true.</message>
                <stack-trace>Step "I will see that url https://tenant-client-stage.dev.propify.com/user/login" is not defined. You can ignore this error by setting cucumberOpts.ignoreUndefinedDefinitions as true.
                	at Feature(/Users/romantikkk/WebstormProjects/New-Vlad/features/retest.feature):1:1
                	at Scenario(Recheck system message if try login with incorrect password/email):2:3
                	at Step(I will see that url &lt;url>):8:5
                </stack-trace>
            </failure>
        </test-case>
        <test-case start='1660926311668' status='passed' stop='1660926311671'>
            <name></name>
            <title></title>
            <labels>
                <label name='language' value='javascript'/>
                <label name='framework' value='wdio'/>
                <label name='thread' value='0-0'/>
            </labels>
            <parameters>
                <parameter kind='argument' name='browser' value='chrome-104.0.5112.101'/>
            </parameters>
            <steps/>
            <attachments/>
        </test-case>
    </test-cases>
</ns2:test-suite>